<?xml version="1.0" encoding="UTF-8"?>
<!-- Generated by org.testng.reporters.JUnitXMLReporter -->
<testsuite ignored="0" hostname="geekys-MBP" failures="0" tests="4" name="Default test" time="106.344" errors="0" timestamp="2022-06-30T13:04:41 PDT">
  <testcase classname="webTests.SortResultsByPriceBedBath" name="sortResultsByBaths" time="23.37"/>
  <testcase classname="webTests.SortResultsByPriceBedBath" name="sortResultsByBeds" time="22.762"/>
  <testcase classname="webTests.SortResultsByPriceBedBath" name="sortResultsByMostRecent" time="21.592"/>
  <testcase classname="webTests.SortResultsByPriceBedBath" name="sortResultsByPrice" time="20.396"/>
</testsuite> <!-- Default test -->
