<?xml version="1.0" encoding="UTF-8"?>
<!-- Generated by org.testng.reporters.JUnitXMLReporter -->
<testsuite ignored="0" hostname="geekys-MBP" failures="0" tests="2" name="All Tests Run including Smoke and Regression" time="93.037" errors="0" timestamp="2022-07-08T16:09:45 PDT">
  <testcase classname="mobileTests.MFilterByBedBath" name="mFilterBath" time="36.564"/>
  <testcase classname="mobileTests.MFilterByBedBath" name="mFilterBed" time="37.331"/>
</testsuite> <!-- All Tests Run including Smoke and Regression -->
