<?xml version="1.0" encoding="UTF-8"?>
<!-- Generated by org.testng.reporters.JUnitXMLReporter -->
<testsuite hostname="macbookpros-MacBook-Pro.local" ignored="0" name="Subset of tests" tests="12" failures="0" timestamp="04 Nov 2019 00:41:55 GMT" time="256.502" errors="0">
  <testcase name="searchSpecificProperty" time="2.877" classname="webTests.SearchforSpecificProperty"/>
  <testcase name="sortResultsByBaths" time="21.251" classname="webTests.SortResultsByPriceBedBath"/>
  <testcase name="sortResultsByBeds" time="21.402" classname="webTests.SortResultsByPriceBedBath"/>
  <testcase name="sortResultsByMostRecent" time="19.292" classname="webTests.SortResultsByPriceBedBath"/>
  <testcase name="sortResultsByPrice" time="19.01" classname="webTests.SortResultsByPriceBedBath"/>
  <testcase name="filterResultsByKeyword" time="18.662" classname="webTests.FilterMoreResultsByKeyword"/>
  <testcase name="filterResultsByPropertyTypeLand" time="15.67" classname="webTests.FilterMoreResultsByPropertyType"/>
  <testcase name="filterResultsBySqFeet" time="25.542" classname="webTests.FilterMoreResultsBySquareFeet"/>
  <testcase name="filterResultsByYear" time="20.841" classname="webTests.FilterMoreResultsByYear"/>
  <testcase name="filterResultsByBeds" time="10.708" classname="webTests.FilterResultsByPriceBedBath"/>
  <testcase name="filterResultsByPrice" time="24.711" classname="webTests.FilterResultsByPriceBedBath"/>
  <testcase name="filterResultsBybaths" time="10.923" classname="webTests.FilterResultsByPriceBedBath"/>
</testsuite> <!-- Subset of tests -->
