<?xml version="1.0" encoding="UTF-8"?>
<!-- Generated by org.testng.reporters.JUnitXMLReporter -->
<testsuite hostname="macbookpros-MacBook-Pro.local" ignored="0" name="Subset of tests" tests="10" failures="0" timestamp="21 Nov 2019 22:47:14 GMT" time="547.154" errors="0">
  <testcase name="mFilterBath" time="30.473" classname="mobileTests.MFilterByBedBath"/>
  <testcase name="mFilterBed" time="33.14" classname="mobileTests.MFilterByBedBath"/>
  <testcase name="mFilterKeyword" time="53.091" classname="mobileTests.MFilterByKeyword"/>
  <testcase name="mFilterForSale" time="35.009" classname="mobileTests.MFilterByPendingSoldForSaleStatus"/>
  <testcase name="mFilterPending" time="35.126" classname="mobileTests.MFilterByPendingSoldForSaleStatus"/>
  <testcase name="mFilterSold" time="36.498" classname="mobileTests.MFilterByPendingSoldForSaleStatus"/>
  <testcase name="mFilterCondo" time="55.279" classname="mobileTests.MFilterByPropertyType"/>
  <testcase name="mFilterSingleFamily" time="52.735" classname="mobileTests.MFilterByPropertyType"/>
  <testcase name="mFilterTownHome" time="52.366" classname="mobileTests.MFilterByPropertyType"/>
  <testcase name="mFilterSqFt" time="41.224" classname="mobileTests.MFilterBySqFt"/>
</testsuite> <!-- Subset of tests -->
