<?xml version="1.0" encoding="UTF-8"?>
<!-- Generated by org.testng.reporters.JUnitXMLReporter -->
<testsuite hostname="macbookpros-MacBook-Pro.local" ignored="0" name="WEB-FILTERMORERESULTS-BY-STATUS" tests="3" failures="0" timestamp="29 Nov 2019 19:18:29 GMT" time="66.618" errors="0">
  <testcase name="filterResultsByPendingStatus" time="18.312" classname="webTests.FilterMoreResultsByStatus"/>
  <testcase name="filterResultsBySoldStatus" time="19.729" classname="webTests.FilterMoreResultsByStatus"/>
  <testcase name="filterResultsByForSaleStatus" time="17.983" classname="webTests.FilterMoreResultsByStatus"/>
</testsuite> <!-- WEB-FILTERMORERESULTS-BY-STATUS -->
