<?xml version="1.0" encoding="UTF-8"?>
<!-- Generated by org.testng.reporters.JUnitXMLReporter -->
<testsuite hostname="macbookpros-MacBook-Pro.local" ignored="0" name="WEB-SORTRESULTS-BY-PRICEBEDBATH" tests="4" failures="0" timestamp="29 Nov 2019 19:16:01 GMT" time="91.177" errors="0">
  <testcase name="sortResultsByBaths" time="19.479" classname="webTests.SortResultsByPriceBedBath"/>
  <testcase name="sortResultsByBeds" time="20.271" classname="webTests.SortResultsByPriceBedBath"/>
  <testcase name="sortResultsByMostRecent" time="20.904" classname="webTests.SortResultsByPriceBedBath"/>
  <testcase name="sortResultsByPrice" time="18.918" classname="webTests.SortResultsByPriceBedBath"/>
</testsuite> <!-- WEB-SORTRESULTS-BY-PRICEBEDBATH -->
