<?xml version="1.0" encoding="UTF-8"?>
<!-- Generated by org.testng.reporters.JUnitXMLReporter -->
<testsuite hostname="macbookpros-MacBook-Pro.local" ignored="0" name="WEB-FILTERRESULTS-BY-PRICEBEDBATH" tests="3" failures="0" timestamp="29 Nov 2019 19:19:58 GMT" time="55.842" errors="0">
  <testcase name="filterResultsByBeds" time="11.205" classname="webTests.FilterResultsByPriceBedBath"/>
  <testcase name="filterResultsByPrice" time="24.808" classname="webTests.FilterResultsByPriceBedBath"/>
  <testcase name="filterResultsBybaths" time="10.585" classname="webTests.FilterResultsByPriceBedBath"/>
</testsuite> <!-- WEB-FILTERRESULTS-BY-PRICEBEDBATH -->
