<?xml version="1.0" encoding="UTF-8"?>
<!-- Generated by org.testng.reporters.JUnitXMLReporter -->
<testsuite ignored="0" hostname="geekys-MacBook-Pro.local" failures="0" tests="9" name="All Tests Run including Smoke and Regression" time="594.768" errors="0" timestamp="2021-02-07T15:16:02 PST">
  <testcase classname="mobileTests.MFilterByPendingSoldForSaleStatus" name="mFilterForSale" time="40.581"/>
  <testcase classname="mobileTests.MFilterByPendingSoldForSaleStatus" name="mFilterPending" time="39.863"/>
  <testcase classname="mobileTests.MFilterByPendingSoldForSaleStatus" name="mFilterSold" time="40.172"/>
  <testcase classname="mobileTests.MSortResultsByBedBathPriceSqFtMostRecent" name="mSortByBed" time="70.806"/>
  <testcase classname="mobileTests.MSortResultsByBedBathPriceSqFtMostRecent" name="mSortByBath" time="70.002"/>
  <testcase classname="mobileTests.MSortResultsByBedBathPriceSqFtMostRecent" name="mSortByLowtoHighPrice" time="56.441"/>
  <testcase classname="mobileTests.MSortResultsByBedBathPriceSqFtMostRecent" name="mSortByHightoLowPrice" time="56.619"/>
  <testcase classname="mobileTests.MSortResultsByBedBathPriceSqFtMostRecent" name="mSortBySqFt" time="57.985"/>
  <testcase classname="mobileTests.MSortResultsByBedBathPriceSqFtMostRecent" name="mSortByMostRecent" time="71.989"/>
</testsuite> <!-- All Tests Run including Smoke and Regression -->
