<?xml version="1.0" encoding="UTF-8"?>
<testng-results ignored="0" total="9" passed="9" failed="0" skipped="0">
  <reporter-output>
  </reporter-output>
  <suite started-at="2021-02-07T15:06:07 PST" name="XOME Suite" finished-at="2021-02-07T15:16:01 PST" duration-ms="594768">
    <groups>
      <group name="regression">
        <method signature="MFilterByPendingSoldForSaleStatus.mFilterForSale(java.lang.String)[pri:0, instance:mobileTests.MFilterByPendingSoldForSaleStatus@6ed3f258]" name="mFilterForSale" class="mobileTests.MFilterByPendingSoldForSaleStatus"/>
        <method signature="MFilterByPendingSoldForSaleStatus.mFilterPending(java.lang.String)[pri:0, instance:mobileTests.MFilterByPendingSoldForSaleStatus@6ed3f258]" name="mFilterPending" class="mobileTests.MFilterByPendingSoldForSaleStatus"/>
        <method signature="MFilterByPendingSoldForSaleStatus.mFilterSold(java.lang.String)[pri:0, instance:mobileTests.MFilterByPendingSoldForSaleStatus@6ed3f258]" name="mFilterSold" class="mobileTests.MFilterByPendingSoldForSaleStatus"/>
        <method signature="MSortResultsByBedBathPriceSqFtMostRecent.mSortByBath(java.lang.String)[pri:2, instance:mobileTests.MSortResultsByBedBathPriceSqFtMostRecent@8ad6665]" name="mSortByBath" class="mobileTests.MSortResultsByBedBathPriceSqFtMostRecent"/>
        <method signature="MSortResultsByBedBathPriceSqFtMostRecent.mSortByBed(java.lang.String)[pri:1, instance:mobileTests.MSortResultsByBedBathPriceSqFtMostRecent@8ad6665]" name="mSortByBed" class="mobileTests.MSortResultsByBedBathPriceSqFtMostRecent"/>
        <method signature="MSortResultsByBedBathPriceSqFtMostRecent.mSortByHightoLowPrice(java.lang.String)[pri:4, instance:mobileTests.MSortResultsByBedBathPriceSqFtMostRecent@8ad6665]" name="mSortByHightoLowPrice" class="mobileTests.MSortResultsByBedBathPriceSqFtMostRecent"/>
        <method signature="MSortResultsByBedBathPriceSqFtMostRecent.mSortByLowtoHighPrice(java.lang.String)[pri:3, instance:mobileTests.MSortResultsByBedBathPriceSqFtMostRecent@8ad6665]" name="mSortByLowtoHighPrice" class="mobileTests.MSortResultsByBedBathPriceSqFtMostRecent"/>
        <method signature="MSortResultsByBedBathPriceSqFtMostRecent.mSortByMostRecent(java.lang.String)[pri:6, instance:mobileTests.MSortResultsByBedBathPriceSqFtMostRecent@8ad6665]" name="mSortByMostRecent" class="mobileTests.MSortResultsByBedBathPriceSqFtMostRecent"/>
        <method signature="MSortResultsByBedBathPriceSqFtMostRecent.mSortBySqFt(java.lang.String)[pri:5, instance:mobileTests.MSortResultsByBedBathPriceSqFtMostRecent@8ad6665]" name="mSortBySqFt" class="mobileTests.MSortResultsByBedBathPriceSqFtMostRecent"/>
      </group> <!-- regression -->
      <group name="smoke">
        <method signature="MFilterByPendingSoldForSaleStatus.mFilterForSale(java.lang.String)[pri:0, instance:mobileTests.MFilterByPendingSoldForSaleStatus@6ed3f258]" name="mFilterForSale" class="mobileTests.MFilterByPendingSoldForSaleStatus"/>
        <method signature="MFilterByPendingSoldForSaleStatus.mFilterPending(java.lang.String)[pri:0, instance:mobileTests.MFilterByPendingSoldForSaleStatus@6ed3f258]" name="mFilterPending" class="mobileTests.MFilterByPendingSoldForSaleStatus"/>
        <method signature="MFilterByPendingSoldForSaleStatus.mFilterSold(java.lang.String)[pri:0, instance:mobileTests.MFilterByPendingSoldForSaleStatus@6ed3f258]" name="mFilterSold" class="mobileTests.MFilterByPendingSoldForSaleStatus"/>
        <method signature="MSortResultsByBedBathPriceSqFtMostRecent.mSortByBath(java.lang.String)[pri:2, instance:mobileTests.MSortResultsByBedBathPriceSqFtMostRecent@8ad6665]" name="mSortByBath" class="mobileTests.MSortResultsByBedBathPriceSqFtMostRecent"/>
        <method signature="MSortResultsByBedBathPriceSqFtMostRecent.mSortByBed(java.lang.String)[pri:1, instance:mobileTests.MSortResultsByBedBathPriceSqFtMostRecent@8ad6665]" name="mSortByBed" class="mobileTests.MSortResultsByBedBathPriceSqFtMostRecent"/>
        <method signature="MSortResultsByBedBathPriceSqFtMostRecent.mSortByHightoLowPrice(java.lang.String)[pri:4, instance:mobileTests.MSortResultsByBedBathPriceSqFtMostRecent@8ad6665]" name="mSortByHightoLowPrice" class="mobileTests.MSortResultsByBedBathPriceSqFtMostRecent"/>
        <method signature="MSortResultsByBedBathPriceSqFtMostRecent.mSortByLowtoHighPrice(java.lang.String)[pri:3, instance:mobileTests.MSortResultsByBedBathPriceSqFtMostRecent@8ad6665]" name="mSortByLowtoHighPrice" class="mobileTests.MSortResultsByBedBathPriceSqFtMostRecent"/>
        <method signature="MSortResultsByBedBathPriceSqFtMostRecent.mSortByMostRecent(java.lang.String)[pri:6, instance:mobileTests.MSortResultsByBedBathPriceSqFtMostRecent@8ad6665]" name="mSortByMostRecent" class="mobileTests.MSortResultsByBedBathPriceSqFtMostRecent"/>
        <method signature="MSortResultsByBedBathPriceSqFtMostRecent.mSortBySqFt(java.lang.String)[pri:5, instance:mobileTests.MSortResultsByBedBathPriceSqFtMostRecent@8ad6665]" name="mSortBySqFt" class="mobileTests.MSortResultsByBedBathPriceSqFtMostRecent"/>
      </group> <!-- smoke -->
    </groups>
    <test started-at="2021-02-07T15:06:07 PST" name="All Tests Run including Smoke and Regression" finished-at="2021-02-07T15:16:01 PST" duration-ms="594768">
      <class name="mobileTests.MSortResultsByBedBathPriceSqFtMostRecent">
        <test-method is-config="true" signature="Setup()[pri:0, instance:mobileTests.MSortResultsByBedBathPriceSqFtMostRecent@8ad6665]" started-at="2021-02-07T15:08:41 PST" name="Setup" finished-at="2021-02-07T15:08:50 PST" duration-ms="8462" status="PASS">
          <reporter-output>
          </reporter-output>
        </test-method> <!-- Setup -->
        <test-method signature="mSortByBed(java.lang.String)[pri:1, instance:mobileTests.MSortResultsByBedBathPriceSqFtMostRecent@8ad6665]" started-at="2021-02-07T15:08:50 PST" name="mSortByBed" data-provider="getMobileData" finished-at="2021-02-07T15:10:00 PST" duration-ms="70806" status="PASS">
          <params>
            <param index="0">
              <value>
                <![CDATA[Irvine, CA]]>
              </value>
            </param>
          </params>
          <reporter-output>
          </reporter-output>
        </test-method> <!-- mSortByBed -->
        <test-method is-config="true" signature="tearDown()[pri:0, instance:mobileTests.MSortResultsByBedBathPriceSqFtMostRecent@8ad6665]" started-at="2021-02-07T15:10:00 PST" name="tearDown" finished-at="2021-02-07T15:10:01 PST" duration-ms="757" status="PASS">
          <reporter-output>
          </reporter-output>
        </test-method> <!-- tearDown -->
        <test-method is-config="true" signature="OnFailure(org.testng.ITestResult)[pri:0, instance:mobileTests.MSortResultsByBedBathPriceSqFtMostRecent@8ad6665]" started-at="2021-02-07T15:10:00 PST" name="OnFailure" finished-at="2021-02-07T15:10:00 PST" duration-ms="0" status="PASS">
          <params>
            <param index="0">
              <value>
                <![CDATA[[TestResult name=mSortByBed status=SUCCESS method=MSortResultsByBedBathPriceSqFtMostRecent.mSortByBed(java.lang.String)[pri:1, instance:mobileTests.MSortResultsByBedBathPriceSqFtMostRecent@8ad6665] output={null}]]]>
              </value>
            </param>
          </params>
          <reporter-output>
          </reporter-output>
        </test-method> <!-- OnFailure -->
        <test-method is-config="true" signature="Setup()[pri:0, instance:mobileTests.MSortResultsByBedBathPriceSqFtMostRecent@8ad6665]" started-at="2021-02-07T15:10:01 PST" name="Setup" finished-at="2021-02-07T15:10:10 PST" duration-ms="8697" status="PASS">
          <reporter-output>
          </reporter-output>
        </test-method> <!-- Setup -->
        <test-method signature="mSortByBath(java.lang.String)[pri:2, instance:mobileTests.MSortResultsByBedBathPriceSqFtMostRecent@8ad6665]" started-at="2021-02-07T15:10:10 PST" name="mSortByBath" data-provider="getMobileData" finished-at="2021-02-07T15:11:20 PST" duration-ms="70002" status="PASS">
          <params>
            <param index="0">
              <value>
                <![CDATA[Irvine, CA]]>
              </value>
            </param>
          </params>
          <reporter-output>
          </reporter-output>
        </test-method> <!-- mSortByBath -->
        <test-method is-config="true" signature="OnFailure(org.testng.ITestResult)[pri:0, instance:mobileTests.MSortResultsByBedBathPriceSqFtMostRecent@8ad6665]" started-at="2021-02-07T15:11:20 PST" name="OnFailure" finished-at="2021-02-07T15:11:20 PST" duration-ms="0" status="PASS">
          <params>
            <param index="0">
              <value>
                <![CDATA[[TestResult name=mSortByBath status=SUCCESS method=MSortResultsByBedBathPriceSqFtMostRecent.mSortByBath(java.lang.String)[pri:2, instance:mobileTests.MSortResultsByBedBathPriceSqFtMostRecent@8ad6665] output={null}]]]>
              </value>
            </param>
          </params>
          <reporter-output>
          </reporter-output>
        </test-method> <!-- OnFailure -->
        <test-method is-config="true" signature="tearDown()[pri:0, instance:mobileTests.MSortResultsByBedBathPriceSqFtMostRecent@8ad6665]" started-at="2021-02-07T15:11:20 PST" name="tearDown" finished-at="2021-02-07T15:11:21 PST" duration-ms="833" status="PASS">
          <reporter-output>
          </reporter-output>
        </test-method> <!-- tearDown -->
        <test-method is-config="true" signature="Setup()[pri:0, instance:mobileTests.MSortResultsByBedBathPriceSqFtMostRecent@8ad6665]" started-at="2021-02-07T15:11:21 PST" name="Setup" finished-at="2021-02-07T15:11:29 PST" duration-ms="8696" status="PASS">
          <reporter-output>
          </reporter-output>
        </test-method> <!-- Setup -->
        <test-method signature="mSortByLowtoHighPrice(java.lang.String)[pri:3, instance:mobileTests.MSortResultsByBedBathPriceSqFtMostRecent@8ad6665]" started-at="2021-02-07T15:11:29 PST" name="mSortByLowtoHighPrice" data-provider="getMobileData" finished-at="2021-02-07T15:12:26 PST" duration-ms="56441" status="PASS">
          <params>
            <param index="0">
              <value>
                <![CDATA[Irvine, CA]]>
              </value>
            </param>
          </params>
          <reporter-output>
          </reporter-output>
        </test-method> <!-- mSortByLowtoHighPrice -->
        <test-method is-config="true" signature="OnFailure(org.testng.ITestResult)[pri:0, instance:mobileTests.MSortResultsByBedBathPriceSqFtMostRecent@8ad6665]" started-at="2021-02-07T15:12:26 PST" name="OnFailure" finished-at="2021-02-07T15:12:26 PST" duration-ms="0" status="PASS">
          <params>
            <param index="0">
              <value>
                <![CDATA[[TestResult name=mSortByLowtoHighPrice status=SUCCESS method=MSortResultsByBedBathPriceSqFtMostRecent.mSortByLowtoHighPrice(java.lang.String)[pri:3, instance:mobileTests.MSortResultsByBedBathPriceSqFtMostRecent@8ad6665] output={null}]]]>
              </value>
            </param>
          </params>
          <reporter-output>
          </reporter-output>
        </test-method> <!-- OnFailure -->
        <test-method is-config="true" signature="tearDown()[pri:0, instance:mobileTests.MSortResultsByBedBathPriceSqFtMostRecent@8ad6665]" started-at="2021-02-07T15:12:26 PST" name="tearDown" finished-at="2021-02-07T15:12:27 PST" duration-ms="679" status="PASS">
          <reporter-output>
          </reporter-output>
        </test-method> <!-- tearDown -->
        <test-method is-config="true" signature="Setup()[pri:0, instance:mobileTests.MSortResultsByBedBathPriceSqFtMostRecent@8ad6665]" started-at="2021-02-07T15:12:27 PST" name="Setup" finished-at="2021-02-07T15:12:35 PST" duration-ms="8568" status="PASS">
          <reporter-output>
          </reporter-output>
        </test-method> <!-- Setup -->
        <test-method signature="mSortByHightoLowPrice(java.lang.String)[pri:4, instance:mobileTests.MSortResultsByBedBathPriceSqFtMostRecent@8ad6665]" started-at="2021-02-07T15:12:35 PST" name="mSortByHightoLowPrice" data-provider="getMobileData" finished-at="2021-02-07T15:13:32 PST" duration-ms="56619" status="PASS">
          <params>
            <param index="0">
              <value>
                <![CDATA[Irvine, CA]]>
              </value>
            </param>
          </params>
          <reporter-output>
          </reporter-output>
        </test-method> <!-- mSortByHightoLowPrice -->
        <test-method is-config="true" signature="OnFailure(org.testng.ITestResult)[pri:0, instance:mobileTests.MSortResultsByBedBathPriceSqFtMostRecent@8ad6665]" started-at="2021-02-07T15:13:32 PST" name="OnFailure" finished-at="2021-02-07T15:13:32 PST" duration-ms="0" status="PASS">
          <params>
            <param index="0">
              <value>
                <![CDATA[[TestResult name=mSortByHightoLowPrice status=SUCCESS method=MSortResultsByBedBathPriceSqFtMostRecent.mSortByHightoLowPrice(java.lang.String)[pri:4, instance:mobileTests.MSortResultsByBedBathPriceSqFtMostRecent@8ad6665] output={null}]]]>
              </value>
            </param>
          </params>
          <reporter-output>
          </reporter-output>
        </test-method> <!-- OnFailure -->
        <test-method is-config="true" signature="tearDown()[pri:0, instance:mobileTests.MSortResultsByBedBathPriceSqFtMostRecent@8ad6665]" started-at="2021-02-07T15:13:32 PST" name="tearDown" finished-at="2021-02-07T15:13:33 PST" duration-ms="761" status="PASS">
          <reporter-output>
          </reporter-output>
        </test-method> <!-- tearDown -->
        <test-method is-config="true" signature="Setup()[pri:0, instance:mobileTests.MSortResultsByBedBathPriceSqFtMostRecent@8ad6665]" started-at="2021-02-07T15:13:33 PST" name="Setup" finished-at="2021-02-07T15:13:41 PST" duration-ms="8644" status="PASS">
          <reporter-output>
          </reporter-output>
        </test-method> <!-- Setup -->
        <test-method signature="mSortBySqFt(java.lang.String)[pri:5, instance:mobileTests.MSortResultsByBedBathPriceSqFtMostRecent@8ad6665]" started-at="2021-02-07T15:13:41 PST" name="mSortBySqFt" data-provider="getMobileData" finished-at="2021-02-07T15:14:39 PST" duration-ms="57985" status="PASS">
          <params>
            <param index="0">
              <value>
                <![CDATA[Irvine, CA]]>
              </value>
            </param>
          </params>
          <reporter-output>
          </reporter-output>
        </test-method> <!-- mSortBySqFt -->
        <test-method is-config="true" signature="OnFailure(org.testng.ITestResult)[pri:0, instance:mobileTests.MSortResultsByBedBathPriceSqFtMostRecent@8ad6665]" started-at="2021-02-07T15:14:39 PST" name="OnFailure" finished-at="2021-02-07T15:14:39 PST" duration-ms="1" status="PASS">
          <params>
            <param index="0">
              <value>
                <![CDATA[[TestResult name=mSortBySqFt status=SUCCESS method=MSortResultsByBedBathPriceSqFtMostRecent.mSortBySqFt(java.lang.String)[pri:5, instance:mobileTests.MSortResultsByBedBathPriceSqFtMostRecent@8ad6665] output={null}]]]>
              </value>
            </param>
          </params>
          <reporter-output>
          </reporter-output>
        </test-method> <!-- OnFailure -->
        <test-method is-config="true" signature="tearDown()[pri:0, instance:mobileTests.MSortResultsByBedBathPriceSqFtMostRecent@8ad6665]" started-at="2021-02-07T15:14:39 PST" name="tearDown" finished-at="2021-02-07T15:14:40 PST" duration-ms="859" status="PASS">
          <reporter-output>
          </reporter-output>
        </test-method> <!-- tearDown -->
        <test-method is-config="true" signature="Setup()[pri:0, instance:mobileTests.MSortResultsByBedBathPriceSqFtMostRecent@8ad6665]" started-at="2021-02-07T15:14:40 PST" name="Setup" finished-at="2021-02-07T15:14:49 PST" duration-ms="8515" status="PASS">
          <reporter-output>
          </reporter-output>
        </test-method> <!-- Setup -->
        <test-method signature="mSortByMostRecent(java.lang.String)[pri:6, instance:mobileTests.MSortResultsByBedBathPriceSqFtMostRecent@8ad6665]" started-at="2021-02-07T15:14:49 PST" name="mSortByMostRecent" data-provider="getMobileData" finished-at="2021-02-07T15:16:01 PST" duration-ms="71989" status="PASS">
          <params>
            <param index="0">
              <value>
                <![CDATA[Irvine, CA]]>
              </value>
            </param>
          </params>
          <reporter-output>
          </reporter-output>
        </test-method> <!-- mSortByMostRecent -->
        <test-method is-config="true" signature="OnFailure(org.testng.ITestResult)[pri:0, instance:mobileTests.MSortResultsByBedBathPriceSqFtMostRecent@8ad6665]" started-at="2021-02-07T15:16:01 PST" name="OnFailure" finished-at="2021-02-07T15:16:01 PST" duration-ms="1" status="PASS">
          <params>
            <param index="0">
              <value>
                <![CDATA[[TestResult name=mSortByMostRecent status=SUCCESS method=MSortResultsByBedBathPriceSqFtMostRecent.mSortByMostRecent(java.lang.String)[pri:6, instance:mobileTests.MSortResultsByBedBathPriceSqFtMostRecent@8ad6665] output={null}]]]>
              </value>
            </param>
          </params>
          <reporter-output>
          </reporter-output>
        </test-method> <!-- OnFailure -->
        <test-method is-config="true" signature="tearDown()[pri:0, instance:mobileTests.MSortResultsByBedBathPriceSqFtMostRecent@8ad6665]" started-at="2021-02-07T15:16:01 PST" name="tearDown" finished-at="2021-02-07T15:16:01 PST" duration-ms="808" status="PASS">
          <reporter-output>
          </reporter-output>
        </test-method> <!-- tearDown -->
      </class> <!-- mobileTests.MSortResultsByBedBathPriceSqFtMostRecent -->
      <class name="mobileTests.MFilterByPendingSoldForSaleStatus">
        <test-method is-config="true" signature="Setup()[pri:0, instance:mobileTests.MFilterByPendingSoldForSaleStatus@6ed3f258]" started-at="2021-02-07T15:06:07 PST" name="Setup" finished-at="2021-02-07T15:06:21 PST" duration-ms="13378" status="PASS">
          <reporter-output>
          </reporter-output>
        </test-method> <!-- Setup -->
        <test-method signature="mFilterForSale(java.lang.String)[pri:0, instance:mobileTests.MFilterByPendingSoldForSaleStatus@6ed3f258]" started-at="2021-02-07T15:06:21 PST" name="mFilterForSale" data-provider="getMobileData" finished-at="2021-02-07T15:07:01 PST" duration-ms="40581" status="PASS">
          <params>
            <param index="0">
              <value>
                <![CDATA[Irvine, CA]]>
              </value>
            </param>
          </params>
          <reporter-output>
          </reporter-output>
        </test-method> <!-- mFilterForSale -->
        <test-method is-config="true" signature="OnFailure(org.testng.ITestResult)[pri:0, instance:mobileTests.MFilterByPendingSoldForSaleStatus@6ed3f258]" started-at="2021-02-07T15:07:01 PST" name="OnFailure" finished-at="2021-02-07T15:07:01 PST" duration-ms="0" status="PASS">
          <params>
            <param index="0">
              <value>
                <![CDATA[[TestResult name=mFilterForSale status=SUCCESS method=MFilterByPendingSoldForSaleStatus.mFilterForSale(java.lang.String)[pri:0, instance:mobileTests.MFilterByPendingSoldForSaleStatus@6ed3f258] output={null}]]]>
              </value>
            </param>
          </params>
          <reporter-output>
          </reporter-output>
        </test-method> <!-- OnFailure -->
        <test-method is-config="true" signature="tearDown()[pri:0, instance:mobileTests.MFilterByPendingSoldForSaleStatus@6ed3f258]" started-at="2021-02-07T15:07:01 PST" name="tearDown" finished-at="2021-02-07T15:07:02 PST" duration-ms="1030" status="PASS">
          <reporter-output>
          </reporter-output>
        </test-method> <!-- tearDown -->
        <test-method is-config="true" signature="Setup()[pri:0, instance:mobileTests.MFilterByPendingSoldForSaleStatus@6ed3f258]" started-at="2021-02-07T15:07:02 PST" name="Setup" finished-at="2021-02-07T15:07:11 PST" duration-ms="8465" status="PASS">
          <reporter-output>
          </reporter-output>
        </test-method> <!-- Setup -->
        <test-method signature="mFilterPending(java.lang.String)[pri:0, instance:mobileTests.MFilterByPendingSoldForSaleStatus@6ed3f258]" started-at="2021-02-07T15:07:11 PST" name="mFilterPending" data-provider="getMobileData" finished-at="2021-02-07T15:07:51 PST" duration-ms="39863" status="PASS">
          <params>
            <param index="0">
              <value>
                <![CDATA[Irvine, CA]]>
              </value>
            </param>
          </params>
          <reporter-output>
          </reporter-output>
        </test-method> <!-- mFilterPending -->
        <test-method is-config="true" signature="OnFailure(org.testng.ITestResult)[pri:0, instance:mobileTests.MFilterByPendingSoldForSaleStatus@6ed3f258]" started-at="2021-02-07T15:07:51 PST" name="OnFailure" finished-at="2021-02-07T15:07:51 PST" duration-ms="1" status="PASS">
          <params>
            <param index="0">
              <value>
                <![CDATA[[TestResult name=mFilterPending status=SUCCESS method=MFilterByPendingSoldForSaleStatus.mFilterPending(java.lang.String)[pri:0, instance:mobileTests.MFilterByPendingSoldForSaleStatus@6ed3f258] output={null}]]]>
              </value>
            </param>
          </params>
          <reporter-output>
          </reporter-output>
        </test-method> <!-- OnFailure -->
        <test-method is-config="true" signature="tearDown()[pri:0, instance:mobileTests.MFilterByPendingSoldForSaleStatus@6ed3f258]" started-at="2021-02-07T15:07:51 PST" name="tearDown" finished-at="2021-02-07T15:07:51 PST" duration-ms="760" status="PASS">
          <reporter-output>
          </reporter-output>
        </test-method> <!-- tearDown -->
        <test-method is-config="true" signature="Setup()[pri:0, instance:mobileTests.MFilterByPendingSoldForSaleStatus@6ed3f258]" started-at="2021-02-07T15:07:51 PST" name="Setup" finished-at="2021-02-07T15:08:00 PST" duration-ms="8623" status="PASS">
          <reporter-output>
          </reporter-output>
        </test-method> <!-- Setup -->
        <test-method signature="mFilterSold(java.lang.String)[pri:0, instance:mobileTests.MFilterByPendingSoldForSaleStatus@6ed3f258]" started-at="2021-02-07T15:08:00 PST" name="mFilterSold" data-provider="getMobileData" finished-at="2021-02-07T15:08:40 PST" duration-ms="40172" status="PASS">
          <params>
            <param index="0">
              <value>
                <![CDATA[Irvine, CA]]>
              </value>
            </param>
          </params>
          <reporter-output>
          </reporter-output>
        </test-method> <!-- mFilterSold -->
        <test-method is-config="true" signature="OnFailure(org.testng.ITestResult)[pri:0, instance:mobileTests.MFilterByPendingSoldForSaleStatus@6ed3f258]" started-at="2021-02-07T15:08:40 PST" name="OnFailure" finished-at="2021-02-07T15:08:40 PST" duration-ms="0" status="PASS">
          <params>
            <param index="0">
              <value>
                <![CDATA[[TestResult name=mFilterSold status=SUCCESS method=MFilterByPendingSoldForSaleStatus.mFilterSold(java.lang.String)[pri:0, instance:mobileTests.MFilterByPendingSoldForSaleStatus@6ed3f258] output={null}]]]>
              </value>
            </param>
          </params>
          <reporter-output>
          </reporter-output>
        </test-method> <!-- OnFailure -->
        <test-method is-config="true" signature="tearDown()[pri:0, instance:mobileTests.MFilterByPendingSoldForSaleStatus@6ed3f258]" started-at="2021-02-07T15:08:40 PST" name="tearDown" finished-at="2021-02-07T15:08:41 PST" duration-ms="952" status="PASS">
          <reporter-output>
          </reporter-output>
        </test-method> <!-- tearDown -->
      </class> <!-- mobileTests.MFilterByPendingSoldForSaleStatus -->
    </test> <!-- All Tests Run including Smoke and Regression -->
  </suite> <!-- XOME Suite -->
</testng-results>
