<?xml version="1.0" encoding="UTF-8"?>
<testng-results skipped="0" failed="0" ignored="0" total="16" passed="16">
  <reporter-output>
  </reporter-output>
  <suite name="WEB TESTS" duration-ms="357297" started-at="2019-11-29T19:13:56Z" finished-at="2019-11-29T19:19:53Z">
    <groups>
      <group name="regression">
        <method signature="Login_and_Search.loginSearch(java.lang.String, java.lang.String, java.lang.String)[pri:0, instance:webTests.Login_and_Search@59474f18]" name="loginSearch" class="webTests.Login_and_Search"/>
        <method signature="SearchforSpecificProperty.searchSpecificProperty(java.lang.String)[pri:0, instance:webTests.SearchforSpecificProperty@408d971b]" name="searchSpecificProperty" class="webTests.SearchforSpecificProperty"/>
        <method signature="SortResultsByPriceBedBath.sortResultsByBaths(java.lang.String)[pri:0, instance:webTests.SortResultsByPriceBedBath@36ebc363]" name="sortResultsByBaths" class="webTests.SortResultsByPriceBedBath"/>
        <method signature="SortResultsByPriceBedBath.sortResultsByBeds(java.lang.String)[pri:0, instance:webTests.SortResultsByPriceBedBath@36ebc363]" name="sortResultsByBeds" class="webTests.SortResultsByPriceBedBath"/>
        <method signature="SortResultsByPriceBedBath.sortResultsByMostRecent(java.lang.String)[pri:0, instance:webTests.SortResultsByPriceBedBath@36ebc363]" name="sortResultsByMostRecent" class="webTests.SortResultsByPriceBedBath"/>
        <method signature="SortResultsByPriceBedBath.sortResultsByPrice(java.lang.String)[pri:0, instance:webTests.SortResultsByPriceBedBath@36ebc363]" name="sortResultsByPrice" class="webTests.SortResultsByPriceBedBath"/>
        <method signature="FilterMoreResultsByKeyword.filterResultsByKeyword(java.lang.String, java.lang.String)[pri:0, instance:webTests.FilterMoreResultsByKeyword@702657cc]" name="filterResultsByKeyword" class="webTests.FilterMoreResultsByKeyword"/>
        <method signature="FilterMoreResultsByPropertyType.filterResultsByPropertyTypeLand(java.lang.String)[pri:0, instance:webTests.FilterMoreResultsByPropertyType@5b12b668]" name="filterResultsByPropertyTypeLand" class="webTests.FilterMoreResultsByPropertyType"/>
        <method signature="FilterMoreResultsBySquareFeet.filterResultsBySqFeet(java.lang.String, java.lang.String, java.lang.String)[pri:0, instance:webTests.FilterMoreResultsBySquareFeet@1573f9fc]" name="filterResultsBySqFeet" class="webTests.FilterMoreResultsBySquareFeet"/>
        <method signature="FilterMoreResultsByStatus.filterResultsByForSaleStatus(java.lang.String)[pri:3, instance:webTests.FilterMoreResultsByStatus@1f2586d6]" name="filterResultsByForSaleStatus" class="webTests.FilterMoreResultsByStatus"/>
        <method signature="FilterMoreResultsByStatus.filterResultsByPendingStatus(java.lang.String)[pri:1, instance:webTests.FilterMoreResultsByStatus@1f2586d6]" name="filterResultsByPendingStatus" class="webTests.FilterMoreResultsByStatus"/>
        <method signature="FilterMoreResultsByStatus.filterResultsBySoldStatus(java.lang.String)[pri:2, instance:webTests.FilterMoreResultsByStatus@1f2586d6]" name="filterResultsBySoldStatus" class="webTests.FilterMoreResultsByStatus"/>
        <method signature="FilterMoreResultsByYear.filterResultsByYear(java.lang.String, java.lang.String, java.lang.String)[pri:0, instance:webTests.FilterMoreResultsByYear@682b2fa]" name="filterResultsByYear" class="webTests.FilterMoreResultsByYear"/>
        <method signature="FilterResultsByPriceBedBath.filterResultsByBeds(java.lang.String, java.lang.String)[pri:0, instance:webTests.FilterResultsByPriceBedBath@3eb25e1a]" name="filterResultsByBeds" class="webTests.FilterResultsByPriceBedBath"/>
        <method signature="FilterResultsByPriceBedBath.filterResultsByPrice(java.lang.String, java.lang.String, java.lang.String)[pri:0, instance:webTests.FilterResultsByPriceBedBath@3eb25e1a]" name="filterResultsByPrice" class="webTests.FilterResultsByPriceBedBath"/>
        <method signature="FilterResultsByPriceBedBath.filterResultsBybaths(java.lang.String, java.lang.String)[pri:0, instance:webTests.FilterResultsByPriceBedBath@3eb25e1a]" name="filterResultsBybaths" class="webTests.FilterResultsByPriceBedBath"/>
      </group> <!-- regression -->
      <group name="smoke">
        <method signature="Login_and_Search.loginSearch(java.lang.String, java.lang.String, java.lang.String)[pri:0, instance:webTests.Login_and_Search@59474f18]" name="loginSearch" class="webTests.Login_and_Search"/>
        <method signature="SearchforSpecificProperty.searchSpecificProperty(java.lang.String)[pri:0, instance:webTests.SearchforSpecificProperty@408d971b]" name="searchSpecificProperty" class="webTests.SearchforSpecificProperty"/>
        <method signature="SortResultsByPriceBedBath.sortResultsByBaths(java.lang.String)[pri:0, instance:webTests.SortResultsByPriceBedBath@36ebc363]" name="sortResultsByBaths" class="webTests.SortResultsByPriceBedBath"/>
        <method signature="SortResultsByPriceBedBath.sortResultsByBeds(java.lang.String)[pri:0, instance:webTests.SortResultsByPriceBedBath@36ebc363]" name="sortResultsByBeds" class="webTests.SortResultsByPriceBedBath"/>
        <method signature="SortResultsByPriceBedBath.sortResultsByMostRecent(java.lang.String)[pri:0, instance:webTests.SortResultsByPriceBedBath@36ebc363]" name="sortResultsByMostRecent" class="webTests.SortResultsByPriceBedBath"/>
        <method signature="SortResultsByPriceBedBath.sortResultsByPrice(java.lang.String)[pri:0, instance:webTests.SortResultsByPriceBedBath@36ebc363]" name="sortResultsByPrice" class="webTests.SortResultsByPriceBedBath"/>
        <method signature="FilterMoreResultsByKeyword.filterResultsByKeyword(java.lang.String, java.lang.String)[pri:0, instance:webTests.FilterMoreResultsByKeyword@702657cc]" name="filterResultsByKeyword" class="webTests.FilterMoreResultsByKeyword"/>
        <method signature="FilterMoreResultsByPropertyType.filterResultsByPropertyTypeLand(java.lang.String)[pri:0, instance:webTests.FilterMoreResultsByPropertyType@5b12b668]" name="filterResultsByPropertyTypeLand" class="webTests.FilterMoreResultsByPropertyType"/>
        <method signature="FilterMoreResultsBySquareFeet.filterResultsBySqFeet(java.lang.String, java.lang.String, java.lang.String)[pri:0, instance:webTests.FilterMoreResultsBySquareFeet@1573f9fc]" name="filterResultsBySqFeet" class="webTests.FilterMoreResultsBySquareFeet"/>
        <method signature="FilterMoreResultsByStatus.filterResultsByForSaleStatus(java.lang.String)[pri:3, instance:webTests.FilterMoreResultsByStatus@1f2586d6]" name="filterResultsByForSaleStatus" class="webTests.FilterMoreResultsByStatus"/>
        <method signature="FilterMoreResultsByStatus.filterResultsByPendingStatus(java.lang.String)[pri:1, instance:webTests.FilterMoreResultsByStatus@1f2586d6]" name="filterResultsByPendingStatus" class="webTests.FilterMoreResultsByStatus"/>
        <method signature="FilterMoreResultsByStatus.filterResultsBySoldStatus(java.lang.String)[pri:2, instance:webTests.FilterMoreResultsByStatus@1f2586d6]" name="filterResultsBySoldStatus" class="webTests.FilterMoreResultsByStatus"/>
        <method signature="FilterMoreResultsByYear.filterResultsByYear(java.lang.String, java.lang.String, java.lang.String)[pri:0, instance:webTests.FilterMoreResultsByYear@682b2fa]" name="filterResultsByYear" class="webTests.FilterMoreResultsByYear"/>
        <method signature="FilterResultsByPriceBedBath.filterResultsByBeds(java.lang.String, java.lang.String)[pri:0, instance:webTests.FilterResultsByPriceBedBath@3eb25e1a]" name="filterResultsByBeds" class="webTests.FilterResultsByPriceBedBath"/>
        <method signature="FilterResultsByPriceBedBath.filterResultsByPrice(java.lang.String, java.lang.String, java.lang.String)[pri:0, instance:webTests.FilterResultsByPriceBedBath@3eb25e1a]" name="filterResultsByPrice" class="webTests.FilterResultsByPriceBedBath"/>
        <method signature="FilterResultsByPriceBedBath.filterResultsBybaths(java.lang.String, java.lang.String)[pri:0, instance:webTests.FilterResultsByPriceBedBath@3eb25e1a]" name="filterResultsBybaths" class="webTests.FilterResultsByPriceBedBath"/>
      </group> <!-- smoke -->
    </groups>
    <test name="WEB-LOGIN-AND-SEARCH" duration-ms="12911" started-at="2019-11-29T19:13:56Z" finished-at="2019-11-29T19:14:09Z">
      <class name="webTests.Login_and_Search">
        <test-method status="PASS" signature="Setup()[pri:0, instance:webTests.Login_and_Search@59474f18]" name="Setup" is-config="true" duration-ms="3087" started-at="2019-11-29T19:13:57Z" finished-at="2019-11-29T19:14:00Z">
          <reporter-output>
          </reporter-output>
        </test-method> <!-- Setup -->
        <test-method status="PASS" signature="loginSearch(java.lang.String, java.lang.String, java.lang.String)[pri:0, instance:webTests.Login_and_Search@59474f18]" name="loginSearch" duration-ms="9165" started-at="2019-11-29T19:14:00Z" data-provider="getData" finished-at="2019-11-29T19:14:09Z">
          <params>
            <param index="0">
              <value>
                <![CDATA[sqatester2018@gmail.com]]>
              </value>
            </param>
            <param index="1">
              <value>
                <![CDATA[Automation123#]]>
              </value>
            </param>
            <param index="2">
              <value>
                <![CDATA[Irvine, CA]]>
              </value>
            </param>
          </params>
          <reporter-output>
          </reporter-output>
        </test-method> <!-- loginSearch -->
        <test-method status="PASS" signature="OnFailure(org.testng.ITestResult)[pri:0, instance:webTests.Login_and_Search@59474f18]" name="OnFailure" is-config="true" duration-ms="1" started-at="2019-11-29T19:14:09Z" finished-at="2019-11-29T19:14:09Z">
          <params>
            <param index="0">
              <value>
                <![CDATA[[TestResult name=loginSearch status=SUCCESS method=Login_and_Search.loginSearch(java.lang.String, java.lang.String, java.lang.String)[pri:0, instance:webTests.Login_and_Search@59474f18] output={null}]]]>
              </value>
            </param>
          </params>
          <reporter-output>
          </reporter-output>
        </test-method> <!-- OnFailure -->
        <test-method status="PASS" signature="tearDown()[pri:0, instance:webTests.Login_and_Search@59474f18]" name="tearDown" is-config="true" duration-ms="250" started-at="2019-11-29T19:14:09Z" finished-at="2019-11-29T19:14:09Z">
          <reporter-output>
          </reporter-output>
        </test-method> <!-- tearDown -->
      </class> <!-- webTests.Login_and_Search -->
    </test> <!-- WEB-LOGIN-AND-SEARCH -->
    <test name="WEB-SEARCH-SPECIFIC-PROPERTY" duration-ms="5934" started-at="2019-11-29T19:14:14Z" finished-at="2019-11-29T19:14:20Z">
      <class name="webTests.SearchforSpecificProperty">
        <test-method status="PASS" signature="Setup()[pri:0, instance:webTests.SearchforSpecificProperty@408d971b]" name="Setup" is-config="true" duration-ms="2823" started-at="2019-11-29T19:14:14Z" finished-at="2019-11-29T19:14:17Z">
          <reporter-output>
          </reporter-output>
        </test-method> <!-- Setup -->
        <test-method status="PASS" signature="searchSpecificProperty(java.lang.String)[pri:0, instance:webTests.SearchforSpecificProperty@408d971b]" name="searchSpecificProperty" duration-ms="2887" started-at="2019-11-29T19:14:17Z" data-provider="getData" finished-at="2019-11-29T19:14:20Z">
          <params>
            <param index="0">
              <value>
                <![CDATA[12512 Brighton Place Tustin, CA 92780]]>
              </value>
            </param>
          </params>
          <reporter-output>
          </reporter-output>
        </test-method> <!-- searchSpecificProperty -->
        <test-method status="PASS" signature="OnFailure(org.testng.ITestResult)[pri:0, instance:webTests.SearchforSpecificProperty@408d971b]" name="OnFailure" is-config="true" duration-ms="0" started-at="2019-11-29T19:14:20Z" finished-at="2019-11-29T19:14:20Z">
          <params>
            <param index="0">
              <value>
                <![CDATA[[TestResult name=searchSpecificProperty status=SUCCESS method=SearchforSpecificProperty.searchSpecificProperty(java.lang.String)[pri:0, instance:webTests.SearchforSpecificProperty@408d971b] output={null}]]]>
              </value>
            </param>
          </params>
          <reporter-output>
          </reporter-output>
        </test-method> <!-- OnFailure -->
        <test-method status="PASS" signature="tearDown()[pri:0, instance:webTests.SearchforSpecificProperty@408d971b]" name="tearDown" is-config="true" duration-ms="172" started-at="2019-11-29T19:14:20Z" finished-at="2019-11-29T19:14:20Z">
          <reporter-output>
          </reporter-output>
        </test-method> <!-- tearDown -->
      </class> <!-- webTests.SearchforSpecificProperty -->
    </test> <!-- WEB-SEARCH-SPECIFIC-PROPERTY -->
    <test name="WEB-SORTRESULTS-BY-PRICEBEDBATH" duration-ms="91177" started-at="2019-11-29T19:14:25Z" finished-at="2019-11-29T19:15:56Z">
      <class name="webTests.SortResultsByPriceBedBath">
        <test-method status="PASS" signature="Setup()[pri:0, instance:webTests.SortResultsByPriceBedBath@36ebc363]" name="Setup" is-config="true" duration-ms="2471" started-at="2019-11-29T19:14:25Z" finished-at="2019-11-29T19:14:28Z">
          <reporter-output>
          </reporter-output>
        </test-method> <!-- Setup -->
        <test-method status="PASS" signature="sortResultsByBaths(java.lang.String)[pri:0, instance:webTests.SortResultsByPriceBedBath@36ebc363]" name="sortResultsByBaths" duration-ms="19479" started-at="2019-11-29T19:14:28Z" data-provider="getData" finished-at="2019-11-29T19:14:47Z">
          <params>
            <param index="0">
              <value>
                <![CDATA[San Marino, CA]]>
              </value>
            </param>
          </params>
          <reporter-output>
          </reporter-output>
        </test-method> <!-- sortResultsByBaths -->
        <test-method status="PASS" signature="OnFailure(org.testng.ITestResult)[pri:0, instance:webTests.SortResultsByPriceBedBath@36ebc363]" name="OnFailure" is-config="true" duration-ms="0" started-at="2019-11-29T19:14:47Z" finished-at="2019-11-29T19:14:47Z">
          <params>
            <param index="0">
              <value>
                <![CDATA[[TestResult name=sortResultsByBaths status=SUCCESS method=SortResultsByPriceBedBath.sortResultsByBaths(java.lang.String)[pri:0, instance:webTests.SortResultsByPriceBedBath@36ebc363] output={null}]]]>
              </value>
            </param>
          </params>
          <reporter-output>
          </reporter-output>
        </test-method> <!-- OnFailure -->
        <test-method status="PASS" signature="tearDown()[pri:0, instance:webTests.SortResultsByPriceBedBath@36ebc363]" name="tearDown" is-config="true" duration-ms="220" started-at="2019-11-29T19:14:47Z" finished-at="2019-11-29T19:14:47Z">
          <reporter-output>
          </reporter-output>
        </test-method> <!-- tearDown -->
        <test-method status="PASS" signature="Setup()[pri:0, instance:webTests.SortResultsByPriceBedBath@36ebc363]" name="Setup" is-config="true" duration-ms="2593" started-at="2019-11-29T19:14:47Z" finished-at="2019-11-29T19:14:50Z">
          <reporter-output>
          </reporter-output>
        </test-method> <!-- Setup -->
        <test-method status="PASS" signature="sortResultsByBeds(java.lang.String)[pri:0, instance:webTests.SortResultsByPriceBedBath@36ebc363]" name="sortResultsByBeds" duration-ms="20271" started-at="2019-11-29T19:14:50Z" data-provider="getData" finished-at="2019-11-29T19:15:10Z">
          <params>
            <param index="0">
              <value>
                <![CDATA[Milpitas, CA]]>
              </value>
            </param>
          </params>
          <reporter-output>
          </reporter-output>
        </test-method> <!-- sortResultsByBeds -->
        <test-method status="PASS" signature="OnFailure(org.testng.ITestResult)[pri:0, instance:webTests.SortResultsByPriceBedBath@36ebc363]" name="OnFailure" is-config="true" duration-ms="1" started-at="2019-11-29T19:15:10Z" finished-at="2019-11-29T19:15:10Z">
          <params>
            <param index="0">
              <value>
                <![CDATA[[TestResult name=sortResultsByBeds status=SUCCESS method=SortResultsByPriceBedBath.sortResultsByBeds(java.lang.String)[pri:0, instance:webTests.SortResultsByPriceBedBath@36ebc363] output={null}]]]>
              </value>
            </param>
          </params>
          <reporter-output>
          </reporter-output>
        </test-method> <!-- OnFailure -->
        <test-method status="PASS" signature="tearDown()[pri:0, instance:webTests.SortResultsByPriceBedBath@36ebc363]" name="tearDown" is-config="true" duration-ms="216" started-at="2019-11-29T19:15:10Z" finished-at="2019-11-29T19:15:10Z">
          <reporter-output>
          </reporter-output>
        </test-method> <!-- tearDown -->
        <test-method status="PASS" signature="Setup()[pri:0, instance:webTests.SortResultsByPriceBedBath@36ebc363]" name="Setup" is-config="true" duration-ms="2685" started-at="2019-11-29T19:15:10Z" finished-at="2019-11-29T19:15:13Z">
          <reporter-output>
          </reporter-output>
        </test-method> <!-- Setup -->
        <test-method status="PASS" signature="sortResultsByMostRecent(java.lang.String)[pri:0, instance:webTests.SortResultsByPriceBedBath@36ebc363]" name="sortResultsByMostRecent" duration-ms="20904" started-at="2019-11-29T19:15:13Z" data-provider="getData" finished-at="2019-11-29T19:15:34Z">
          <params>
            <param index="0">
              <value>
                <![CDATA[Irvine, CA]]>
              </value>
            </param>
          </params>
          <reporter-output>
          </reporter-output>
        </test-method> <!-- sortResultsByMostRecent -->
        <test-method status="PASS" signature="tearDown()[pri:0, instance:webTests.SortResultsByPriceBedBath@36ebc363]" name="tearDown" is-config="true" duration-ms="203" started-at="2019-11-29T19:15:34Z" finished-at="2019-11-29T19:15:34Z">
          <reporter-output>
          </reporter-output>
        </test-method> <!-- tearDown -->
        <test-method status="PASS" signature="OnFailure(org.testng.ITestResult)[pri:0, instance:webTests.SortResultsByPriceBedBath@36ebc363]" name="OnFailure" is-config="true" duration-ms="0" started-at="2019-11-29T19:15:34Z" finished-at="2019-11-29T19:15:34Z">
          <params>
            <param index="0">
              <value>
                <![CDATA[[TestResult name=sortResultsByMostRecent status=SUCCESS method=SortResultsByPriceBedBath.sortResultsByMostRecent(java.lang.String)[pri:0, instance:webTests.SortResultsByPriceBedBath@36ebc363] output={null}]]]>
              </value>
            </param>
          </params>
          <reporter-output>
          </reporter-output>
        </test-method> <!-- OnFailure -->
        <test-method status="PASS" signature="Setup()[pri:0, instance:webTests.SortResultsByPriceBedBath@36ebc363]" name="Setup" is-config="true" duration-ms="2846" started-at="2019-11-29T19:15:34Z" finished-at="2019-11-29T19:15:37Z">
          <reporter-output>
          </reporter-output>
        </test-method> <!-- Setup -->
        <test-method status="PASS" signature="sortResultsByPrice(java.lang.String)[pri:0, instance:webTests.SortResultsByPriceBedBath@36ebc363]" name="sortResultsByPrice" duration-ms="18918" started-at="2019-11-29T19:15:37Z" data-provider="getData" finished-at="2019-11-29T19:15:56Z">
          <params>
            <param index="0">
              <value>
                <![CDATA[Irvine, CA]]>
              </value>
            </param>
          </params>
          <reporter-output>
          </reporter-output>
        </test-method> <!-- sortResultsByPrice -->
        <test-method status="PASS" signature="tearDown()[pri:0, instance:webTests.SortResultsByPriceBedBath@36ebc363]" name="tearDown" is-config="true" duration-ms="217" started-at="2019-11-29T19:15:56Z" finished-at="2019-11-29T19:15:56Z">
          <reporter-output>
          </reporter-output>
        </test-method> <!-- tearDown -->
        <test-method status="PASS" signature="OnFailure(org.testng.ITestResult)[pri:0, instance:webTests.SortResultsByPriceBedBath@36ebc363]" name="OnFailure" is-config="true" duration-ms="0" started-at="2019-11-29T19:15:56Z" finished-at="2019-11-29T19:15:56Z">
          <params>
            <param index="0">
              <value>
                <![CDATA[[TestResult name=sortResultsByPrice status=SUCCESS method=SortResultsByPriceBedBath.sortResultsByPrice(java.lang.String)[pri:0, instance:webTests.SortResultsByPriceBedBath@36ebc363] output={null}]]]>
              </value>
            </param>
          </params>
          <reporter-output>
          </reporter-output>
        </test-method> <!-- OnFailure -->
      </class> <!-- webTests.SortResultsByPriceBedBath -->
    </test> <!-- WEB-SORTRESULTS-BY-PRICEBEDBATH -->
    <test name="WEB-FILTERMORERESULTS-By-KEYWORD" duration-ms="19443" started-at="2019-11-29T19:16:01Z" finished-at="2019-11-29T19:16:21Z">
      <class name="webTests.FilterMoreResultsByKeyword">
        <test-method status="PASS" signature="Setup()[pri:0, instance:webTests.FilterMoreResultsByKeyword@702657cc]" name="Setup" is-config="true" duration-ms="2869" started-at="2019-11-29T19:16:01Z" finished-at="2019-11-29T19:16:04Z">
          <reporter-output>
          </reporter-output>
        </test-method> <!-- Setup -->
        <test-method status="PASS" signature="filterResultsByKeyword(java.lang.String, java.lang.String)[pri:0, instance:webTests.FilterMoreResultsByKeyword@702657cc]" name="filterResultsByKeyword" duration-ms="16286" started-at="2019-11-29T19:16:04Z" data-provider="getData" finished-at="2019-11-29T19:16:20Z">
          <params>
            <param index="0">
              <value>
                <![CDATA[Irvine, CA]]>
              </value>
            </param>
            <param index="1">
              <value>
                <![CDATA[master bedroom]]>
              </value>
            </param>
          </params>
          <reporter-output>
          </reporter-output>
        </test-method> <!-- filterResultsByKeyword -->
        <test-method status="PASS" signature="OnFailure(org.testng.ITestResult)[pri:0, instance:webTests.FilterMoreResultsByKeyword@702657cc]" name="OnFailure" is-config="true" duration-ms="0" started-at="2019-11-29T19:16:20Z" finished-at="2019-11-29T19:16:20Z">
          <params>
            <param index="0">
              <value>
                <![CDATA[[TestResult name=filterResultsByKeyword status=SUCCESS method=FilterMoreResultsByKeyword.filterResultsByKeyword(java.lang.String, java.lang.String)[pri:0, instance:webTests.FilterMoreResultsByKeyword@702657cc] output={null}]]]>
              </value>
            </param>
          </params>
          <reporter-output>
          </reporter-output>
        </test-method> <!-- OnFailure -->
        <test-method status="PASS" signature="tearDown()[pri:0, instance:webTests.FilterMoreResultsByKeyword@702657cc]" name="tearDown" is-config="true" duration-ms="254" started-at="2019-11-29T19:16:20Z" finished-at="2019-11-29T19:16:21Z">
          <reporter-output>
          </reporter-output>
        </test-method> <!-- tearDown -->
      </class> <!-- webTests.FilterMoreResultsByKeyword -->
    </test> <!-- WEB-FILTERMORERESULTS-By-KEYWORD -->
    <test name="WEB-FILTERMORERESULTS-BY-PROPERTYTYPE" duration-ms="19031" started-at="2019-11-29T19:16:26Z" finished-at="2019-11-29T19:16:45Z">
      <class name="webTests.FilterMoreResultsByPropertyType">
        <test-method status="PASS" signature="Setup()[pri:0, instance:webTests.FilterMoreResultsByPropertyType@5b12b668]" name="Setup" is-config="true" duration-ms="2585" started-at="2019-11-29T19:16:26Z" finished-at="2019-11-29T19:16:28Z">
          <reporter-output>
          </reporter-output>
        </test-method> <!-- Setup -->
        <test-method status="PASS" signature="filterResultsByPropertyTypeLand(java.lang.String)[pri:0, instance:webTests.FilterMoreResultsByPropertyType@5b12b668]" name="filterResultsByPropertyTypeLand" duration-ms="16151" started-at="2019-11-29T19:16:28Z" data-provider="getData" finished-at="2019-11-29T19:16:44Z">
          <params>
            <param index="0">
              <value>
                <![CDATA[Malibu, CA]]>
              </value>
            </param>
          </params>
          <reporter-output>
          </reporter-output>
        </test-method> <!-- filterResultsByPropertyTypeLand -->
        <test-method status="PASS" signature="OnFailure(org.testng.ITestResult)[pri:0, instance:webTests.FilterMoreResultsByPropertyType@5b12b668]" name="OnFailure" is-config="true" duration-ms="0" started-at="2019-11-29T19:16:44Z" finished-at="2019-11-29T19:16:44Z">
          <params>
            <param index="0">
              <value>
                <![CDATA[[TestResult name=filterResultsByPropertyTypeLand status=SUCCESS method=FilterMoreResultsByPropertyType.filterResultsByPropertyTypeLand(java.lang.String)[pri:0, instance:webTests.FilterMoreResultsByPropertyType@5b12b668] output={null}]]]>
              </value>
            </param>
          </params>
          <reporter-output>
          </reporter-output>
        </test-method> <!-- OnFailure -->
        <test-method status="PASS" signature="tearDown()[pri:0, instance:webTests.FilterMoreResultsByPropertyType@5b12b668]" name="tearDown" is-config="true" duration-ms="264" started-at="2019-11-29T19:16:44Z" finished-at="2019-11-29T19:16:45Z">
          <reporter-output>
          </reporter-output>
        </test-method> <!-- tearDown -->
      </class> <!-- webTests.FilterMoreResultsByPropertyType -->
    </test> <!-- WEB-FILTERMORERESULTS-BY-PROPERTYTYPE -->
    <test name="WEB-FILTERMORERESULTS-BY-SQUAREFEET" duration-ms="22751" started-at="2019-11-29T19:16:50Z" finished-at="2019-11-29T19:17:12Z">
      <class name="webTests.FilterMoreResultsBySquareFeet">
        <test-method status="PASS" signature="Setup()[pri:0, instance:webTests.FilterMoreResultsBySquareFeet@1573f9fc]" name="Setup" is-config="true" duration-ms="2466" started-at="2019-11-29T19:16:50Z" finished-at="2019-11-29T19:16:52Z">
          <reporter-output>
          </reporter-output>
        </test-method> <!-- Setup -->
        <test-method status="PASS" signature="filterResultsBySqFeet(java.lang.String, java.lang.String, java.lang.String)[pri:0, instance:webTests.FilterMoreResultsBySquareFeet@1573f9fc]" name="filterResultsBySqFeet" duration-ms="19974" started-at="2019-11-29T19:16:52Z" data-provider="getData" finished-at="2019-11-29T19:17:12Z">
          <params>
            <param index="0">
              <value>
                <![CDATA[Irvine, CA]]>
              </value>
            </param>
            <param index="1">
              <value>
                <![CDATA[750]]>
              </value>
            </param>
            <param index="2">
              <value>
                <![CDATA[1000]]>
              </value>
            </param>
          </params>
          <reporter-output>
          </reporter-output>
        </test-method> <!-- filterResultsBySqFeet -->
        <test-method status="PASS" signature="tearDown()[pri:0, instance:webTests.FilterMoreResultsBySquareFeet@1573f9fc]" name="tearDown" is-config="true" duration-ms="274" started-at="2019-11-29T19:17:12Z" finished-at="2019-11-29T19:17:12Z">
          <reporter-output>
          </reporter-output>
        </test-method> <!-- tearDown -->
        <test-method status="PASS" signature="OnFailure(org.testng.ITestResult)[pri:0, instance:webTests.FilterMoreResultsBySquareFeet@1573f9fc]" name="OnFailure" is-config="true" duration-ms="0" started-at="2019-11-29T19:17:12Z" finished-at="2019-11-29T19:17:12Z">
          <params>
            <param index="0">
              <value>
                <![CDATA[[TestResult name=filterResultsBySqFeet status=SUCCESS method=FilterMoreResultsBySquareFeet.filterResultsBySqFeet(java.lang.String, java.lang.String, java.lang.String)[pri:0, instance:webTests.FilterMoreResultsBySquareFeet@1573f9fc] output={null}]]]>
              </value>
            </param>
          </params>
          <reporter-output>
          </reporter-output>
        </test-method> <!-- OnFailure -->
      </class> <!-- webTests.FilterMoreResultsBySquareFeet -->
    </test> <!-- WEB-FILTERMORERESULTS-BY-SQUAREFEET -->
    <test name="WEB-FILTERMORERESULTS-BY-STATUS" duration-ms="66618" started-at="2019-11-29T19:17:17Z" finished-at="2019-11-29T19:18:24Z">
      <class name="webTests.FilterMoreResultsByStatus">
        <test-method status="PASS" signature="Setup()[pri:0, instance:webTests.FilterMoreResultsByStatus@1f2586d6]" name="Setup" is-config="true" duration-ms="2789" started-at="2019-11-29T19:17:17Z" finished-at="2019-11-29T19:17:20Z">
          <reporter-output>
          </reporter-output>
        </test-method> <!-- Setup -->
        <test-method status="PASS" signature="filterResultsByPendingStatus(java.lang.String)[pri:1, instance:webTests.FilterMoreResultsByStatus@1f2586d6]" name="filterResultsByPendingStatus" duration-ms="18312" started-at="2019-11-29T19:17:20Z" data-provider="getData" finished-at="2019-11-29T19:17:39Z">
          <params>
            <param index="0">
              <value>
                <![CDATA[Irvine, CA]]>
              </value>
            </param>
          </params>
          <reporter-output>
          </reporter-output>
        </test-method> <!-- filterResultsByPendingStatus -->
        <test-method status="PASS" signature="tearDown()[pri:0, instance:webTests.FilterMoreResultsByStatus@1f2586d6]" name="tearDown" is-config="true" duration-ms="279" started-at="2019-11-29T19:17:39Z" finished-at="2019-11-29T19:17:39Z">
          <reporter-output>
          </reporter-output>
        </test-method> <!-- tearDown -->
        <test-method status="PASS" signature="OnFailure(org.testng.ITestResult)[pri:0, instance:webTests.FilterMoreResultsByStatus@1f2586d6]" name="OnFailure" is-config="true" duration-ms="0" started-at="2019-11-29T19:17:39Z" finished-at="2019-11-29T19:17:39Z">
          <params>
            <param index="0">
              <value>
                <![CDATA[[TestResult name=filterResultsByPendingStatus status=SUCCESS method=FilterMoreResultsByStatus.filterResultsByPendingStatus(java.lang.String)[pri:1, instance:webTests.FilterMoreResultsByStatus@1f2586d6] output={null}]]]>
              </value>
            </param>
          </params>
          <reporter-output>
          </reporter-output>
        </test-method> <!-- OnFailure -->
        <test-method status="PASS" signature="Setup()[pri:0, instance:webTests.FilterMoreResultsByStatus@1f2586d6]" name="Setup" is-config="true" duration-ms="4452" started-at="2019-11-29T19:17:39Z" finished-at="2019-11-29T19:17:43Z">
          <reporter-output>
          </reporter-output>
        </test-method> <!-- Setup -->
        <test-method status="PASS" signature="filterResultsBySoldStatus(java.lang.String)[pri:2, instance:webTests.FilterMoreResultsByStatus@1f2586d6]" name="filterResultsBySoldStatus" duration-ms="19729" started-at="2019-11-29T19:17:43Z" data-provider="getData" finished-at="2019-11-29T19:18:03Z">
          <params>
            <param index="0">
              <value>
                <![CDATA[Irvine, CA]]>
              </value>
            </param>
          </params>
          <reporter-output>
          </reporter-output>
        </test-method> <!-- filterResultsBySoldStatus -->
        <test-method status="PASS" signature="OnFailure(org.testng.ITestResult)[pri:0, instance:webTests.FilterMoreResultsByStatus@1f2586d6]" name="OnFailure" is-config="true" duration-ms="0" started-at="2019-11-29T19:18:03Z" finished-at="2019-11-29T19:18:03Z">
          <params>
            <param index="0">
              <value>
                <![CDATA[[TestResult name=filterResultsBySoldStatus status=SUCCESS method=FilterMoreResultsByStatus.filterResultsBySoldStatus(java.lang.String)[pri:2, instance:webTests.FilterMoreResultsByStatus@1f2586d6] output={null}]]]>
              </value>
            </param>
          </params>
          <reporter-output>
          </reporter-output>
        </test-method> <!-- OnFailure -->
        <test-method status="PASS" signature="tearDown()[pri:0, instance:webTests.FilterMoreResultsByStatus@1f2586d6]" name="tearDown" is-config="true" duration-ms="245" started-at="2019-11-29T19:18:03Z" finished-at="2019-11-29T19:18:03Z">
          <reporter-output>
          </reporter-output>
        </test-method> <!-- tearDown -->
        <test-method status="PASS" signature="Setup()[pri:0, instance:webTests.FilterMoreResultsByStatus@1f2586d6]" name="Setup" is-config="true" duration-ms="2511" started-at="2019-11-29T19:18:03Z" finished-at="2019-11-29T19:18:06Z">
          <reporter-output>
          </reporter-output>
        </test-method> <!-- Setup -->
        <test-method status="PASS" signature="filterResultsByForSaleStatus(java.lang.String)[pri:3, instance:webTests.FilterMoreResultsByStatus@1f2586d6]" name="filterResultsByForSaleStatus" duration-ms="17983" started-at="2019-11-29T19:18:06Z" data-provider="getData" finished-at="2019-11-29T19:18:24Z">
          <params>
            <param index="0">
              <value>
                <![CDATA[Irvine, CA]]>
              </value>
            </param>
          </params>
          <reporter-output>
          </reporter-output>
        </test-method> <!-- filterResultsByForSaleStatus -->
        <test-method status="PASS" signature="OnFailure(org.testng.ITestResult)[pri:0, instance:webTests.FilterMoreResultsByStatus@1f2586d6]" name="OnFailure" is-config="true" duration-ms="0" started-at="2019-11-29T19:18:24Z" finished-at="2019-11-29T19:18:24Z">
          <params>
            <param index="0">
              <value>
                <![CDATA[[TestResult name=filterResultsByForSaleStatus status=SUCCESS method=FilterMoreResultsByStatus.filterResultsByForSaleStatus(java.lang.String)[pri:3, instance:webTests.FilterMoreResultsByStatus@1f2586d6] output={null}]]]>
              </value>
            </param>
          </params>
          <reporter-output>
          </reporter-output>
        </test-method> <!-- OnFailure -->
        <test-method status="PASS" signature="tearDown()[pri:0, instance:webTests.FilterMoreResultsByStatus@1f2586d6]" name="tearDown" is-config="true" duration-ms="243" started-at="2019-11-29T19:18:24Z" finished-at="2019-11-29T19:18:24Z">
          <reporter-output>
          </reporter-output>
        </test-method> <!-- tearDown -->
      </class> <!-- webTests.FilterMoreResultsByStatus -->
    </test> <!-- WEB-FILTERMORERESULTS-BY-STATUS -->
    <test name="WEB-FILTERMORRESULTS-BY-YEAR" duration-ms="23533" started-at="2019-11-29T19:18:29Z" finished-at="2019-11-29T19:18:53Z">
      <class name="webTests.FilterMoreResultsByYear">
        <test-method status="PASS" signature="Setup()[pri:0, instance:webTests.FilterMoreResultsByYear@682b2fa]" name="Setup" is-config="true" duration-ms="2659" started-at="2019-11-29T19:18:29Z" finished-at="2019-11-29T19:18:32Z">
          <reporter-output>
          </reporter-output>
        </test-method> <!-- Setup -->
        <test-method status="PASS" signature="filterResultsByYear(java.lang.String, java.lang.String, java.lang.String)[pri:0, instance:webTests.FilterMoreResultsByYear@682b2fa]" name="filterResultsByYear" duration-ms="20592" started-at="2019-11-29T19:18:32Z" data-provider="getData" finished-at="2019-11-29T19:18:52Z">
          <params>
            <param index="0">
              <value>
                <![CDATA[Irvine, CA]]>
              </value>
            </param>
            <param index="1">
              <value>
                <![CDATA[2000]]>
              </value>
            </param>
            <param index="2">
              <value>
                <![CDATA[2017]]>
              </value>
            </param>
          </params>
          <reporter-output>
          </reporter-output>
        </test-method> <!-- filterResultsByYear -->
        <test-method status="PASS" signature="tearDown()[pri:0, instance:webTests.FilterMoreResultsByYear@682b2fa]" name="tearDown" is-config="true" duration-ms="255" started-at="2019-11-29T19:18:52Z" finished-at="2019-11-29T19:18:53Z">
          <reporter-output>
          </reporter-output>
        </test-method> <!-- tearDown -->
        <test-method status="PASS" signature="OnFailure(org.testng.ITestResult)[pri:0, instance:webTests.FilterMoreResultsByYear@682b2fa]" name="OnFailure" is-config="true" duration-ms="0" started-at="2019-11-29T19:18:52Z" finished-at="2019-11-29T19:18:52Z">
          <params>
            <param index="0">
              <value>
                <![CDATA[[TestResult name=filterResultsByYear status=SUCCESS method=FilterMoreResultsByYear.filterResultsByYear(java.lang.String, java.lang.String, java.lang.String)[pri:0, instance:webTests.FilterMoreResultsByYear@682b2fa] output={null}]]]>
              </value>
            </param>
          </params>
          <reporter-output>
          </reporter-output>
        </test-method> <!-- OnFailure -->
      </class> <!-- webTests.FilterMoreResultsByYear -->
    </test> <!-- WEB-FILTERMORRESULTS-BY-YEAR -->
    <test name="WEB-FILTERRESULTS-BY-PRICEBEDBATH" duration-ms="55842" started-at="2019-11-29T19:18:58Z" finished-at="2019-11-29T19:19:53Z">
      <class name="webTests.FilterResultsByPriceBedBath">
        <test-method status="PASS" signature="Setup()[pri:0, instance:webTests.FilterResultsByPriceBedBath@3eb25e1a]" name="Setup" is-config="true" duration-ms="3395" started-at="2019-11-29T19:18:58Z" finished-at="2019-11-29T19:19:01Z">
          <reporter-output>
          </reporter-output>
        </test-method> <!-- Setup -->
        <test-method status="PASS" signature="filterResultsByBeds(java.lang.String, java.lang.String)[pri:0, instance:webTests.FilterResultsByPriceBedBath@3eb25e1a]" name="filterResultsByBeds" duration-ms="11205" started-at="2019-11-29T19:19:01Z" data-provider="getData" finished-at="2019-11-29T19:19:12Z">
          <params>
            <param index="0">
              <value>
                <![CDATA[Irvine, CA]]>
              </value>
            </param>
            <param index="1">
              <value>
                <![CDATA[3]]>
              </value>
            </param>
          </params>
          <reporter-output>
          </reporter-output>
        </test-method> <!-- filterResultsByBeds -->
        <test-method status="PASS" signature="OnFailure(org.testng.ITestResult)[pri:0, instance:webTests.FilterResultsByPriceBedBath@3eb25e1a]" name="OnFailure" is-config="true" duration-ms="0" started-at="2019-11-29T19:19:12Z" finished-at="2019-11-29T19:19:12Z">
          <params>
            <param index="0">
              <value>
                <![CDATA[[TestResult name=filterResultsByBeds status=SUCCESS method=FilterResultsByPriceBedBath.filterResultsByBeds(java.lang.String, java.lang.String)[pri:0, instance:webTests.FilterResultsByPriceBedBath@3eb25e1a] output={null}]]]>
              </value>
            </param>
          </params>
          <reporter-output>
          </reporter-output>
        </test-method> <!-- OnFailure -->
        <test-method status="PASS" signature="tearDown()[pri:0, instance:webTests.FilterResultsByPriceBedBath@3eb25e1a]" name="tearDown" is-config="true" duration-ms="205" started-at="2019-11-29T19:19:12Z" finished-at="2019-11-29T19:19:12Z">
          <reporter-output>
          </reporter-output>
        </test-method> <!-- tearDown -->
        <test-method status="PASS" signature="Setup()[pri:0, instance:webTests.FilterResultsByPriceBedBath@3eb25e1a]" name="Setup" is-config="true" duration-ms="2522" started-at="2019-11-29T19:19:12Z" finished-at="2019-11-29T19:19:15Z">
          <reporter-output>
          </reporter-output>
        </test-method> <!-- Setup -->
        <test-method status="PASS" signature="filterResultsByPrice(java.lang.String, java.lang.String, java.lang.String)[pri:0, instance:webTests.FilterResultsByPriceBedBath@3eb25e1a]" name="filterResultsByPrice" duration-ms="24808" started-at="2019-11-29T19:19:15Z" data-provider="getData" finished-at="2019-11-29T19:19:40Z">
          <params>
            <param index="0">
              <value>
                <![CDATA[Irvine, CA]]>
              </value>
            </param>
            <param index="1">
              <value>
                <![CDATA[800,000]]>
              </value>
            </param>
            <param index="2">
              <value>
                <![CDATA[1,300,000]]>
              </value>
            </param>
          </params>
          <reporter-output>
          </reporter-output>
        </test-method> <!-- filterResultsByPrice -->
        <test-method status="PASS" signature="OnFailure(org.testng.ITestResult)[pri:0, instance:webTests.FilterResultsByPriceBedBath@3eb25e1a]" name="OnFailure" is-config="true" duration-ms="1" started-at="2019-11-29T19:19:40Z" finished-at="2019-11-29T19:19:40Z">
          <params>
            <param index="0">
              <value>
                <![CDATA[[TestResult name=filterResultsByPrice status=SUCCESS method=FilterResultsByPriceBedBath.filterResultsByPrice(java.lang.String, java.lang.String, java.lang.String)[pri:0, instance:webTests.FilterResultsByPriceBedBath@3eb25e1a] output={null}]]]>
              </value>
            </param>
          </params>
          <reporter-output>
          </reporter-output>
        </test-method> <!-- OnFailure -->
        <test-method status="PASS" signature="tearDown()[pri:0, instance:webTests.FilterResultsByPriceBedBath@3eb25e1a]" name="tearDown" is-config="true" duration-ms="222" started-at="2019-11-29T19:19:40Z" finished-at="2019-11-29T19:19:40Z">
          <reporter-output>
          </reporter-output>
        </test-method> <!-- tearDown -->
        <test-method status="PASS" signature="Setup()[pri:0, instance:webTests.FilterResultsByPriceBedBath@3eb25e1a]" name="Setup" is-config="true" duration-ms="2622" started-at="2019-11-29T19:19:40Z" finished-at="2019-11-29T19:19:43Z">
          <reporter-output>
          </reporter-output>
        </test-method> <!-- Setup -->
        <test-method status="PASS" signature="filterResultsBybaths(java.lang.String, java.lang.String)[pri:0, instance:webTests.FilterResultsByPriceBedBath@3eb25e1a]" name="filterResultsBybaths" duration-ms="10585" started-at="2019-11-29T19:19:43Z" data-provider="getData" finished-at="2019-11-29T19:19:53Z">
          <params>
            <param index="0">
              <value>
                <![CDATA[Irvine, CA]]>
              </value>
            </param>
            <param index="1">
              <value>
                <![CDATA[3]]>
              </value>
            </param>
          </params>
          <reporter-output>
          </reporter-output>
        </test-method> <!-- filterResultsBybaths -->
        <test-method status="PASS" signature="OnFailure(org.testng.ITestResult)[pri:0, instance:webTests.FilterResultsByPriceBedBath@3eb25e1a]" name="OnFailure" is-config="true" duration-ms="1" started-at="2019-11-29T19:19:53Z" finished-at="2019-11-29T19:19:53Z">
          <params>
            <param index="0">
              <value>
                <![CDATA[[TestResult name=filterResultsBybaths status=SUCCESS method=FilterResultsByPriceBedBath.filterResultsBybaths(java.lang.String, java.lang.String)[pri:0, instance:webTests.FilterResultsByPriceBedBath@3eb25e1a] output={null}]]]>
              </value>
            </param>
          </params>
          <reporter-output>
          </reporter-output>
        </test-method> <!-- OnFailure -->
        <test-method status="PASS" signature="tearDown()[pri:0, instance:webTests.FilterResultsByPriceBedBath@3eb25e1a]" name="tearDown" is-config="true" duration-ms="200" started-at="2019-11-29T19:19:53Z" finished-at="2019-11-29T19:19:53Z">
          <reporter-output>
          </reporter-output>
        </test-method> <!-- tearDown -->
      </class> <!-- webTests.FilterResultsByPriceBedBath -->
    </test> <!-- WEB-FILTERRESULTS-BY-PRICEBEDBATH -->
  </suite> <!-- WEB TESTS -->
</testng-results>
