<?xml version="1.0" encoding="UTF-8"?>
<testsuite xmlns:xsi="http://www.w3.org/2001/XMLSchema-instance" xsi:noNamespaceSchemaLocation="https://maven.apache.org/surefire/maven-surefire-plugin/xsd/surefire-test-report.xsd" name="TestSuite" time="595.91" tests="9" errors="0" skipped="0" failures="0">
  <properties>
[...]
</properties>
  <testcase name="mFilterForSale" classname="mobileTests.MFilterByPendingSoldForSaleStatus" time="40.581"/>
  <testcase name="mFilterPending" classname="mobileTests.MFilterByPendingSoldForSaleStatus" time="39.863"/>
  <testcase name="mFilterSold" classname="mobileTests.MFilterByPendingSoldForSaleStatus" time="40.173"/>
  <testcase name="mSortByBed" classname="mobileTests.MSortResultsByBedBathPriceSqFtMostRecent" time="70.807"/>
  <testcase name="mSortByBath" classname="mobileTests.MSortResultsByBedBathPriceSqFtMostRecent" time="70.003"/>
  <testcase name="mSortByLowtoHighPrice" classname="mobileTests.MSortResultsByBedBathPriceSqFtMostRecent" time="56.441"/>
  <testcase name="mSortByHightoLowPrice" classname="mobileTests.MSortResultsByBedBathPriceSqFtMostRecent" time="56.619"/>
  <testcase name="mSortBySqFt" classname="mobileTests.MSortResultsByBedBathPriceSqFtMostRecent" time="57.986"/>
  <testcase name="mSortByMostRecent" classname="mobileTests.MSortResultsByBedBathPriceSqFtMostRecent" time="71.989"/>
</testsuite>