<?xml version="1.0" encoding="UTF-8"?>
<testng-results skipped="0" failed="0" ignored="0" total="1" passed="1">
  <reporter-output>
  </reporter-output>
  <suite name="WEB TESTS" duration-ms="12350" started-at="2019-11-29T20:39:31Z" finished-at="2019-11-29T20:39:44Z">
    <groups>
      <group name="regression">
        <method signature="Login_and_Search.loginSearch(java.lang.String, java.lang.String, java.lang.String)[pri:0, instance:webTests.Login_and_Search@3d34d211]" name="loginSearch" class="webTests.Login_and_Search"/>
      </group> <!-- regression -->
      <group name="smoke">
        <method signature="Login_and_Search.loginSearch(java.lang.String, java.lang.String, java.lang.String)[pri:0, instance:webTests.Login_and_Search@3d34d211]" name="loginSearch" class="webTests.Login_and_Search"/>
      </group> <!-- smoke -->
    </groups>
    <test name="WEB-LOGIN-AND-SEARCH" duration-ms="12350" started-at="2019-11-29T20:39:31Z" finished-at="2019-11-29T20:39:44Z">
      <class name="webTests.Login_and_Search">
        <test-method status="PASS" signature="Setup()[pri:0, instance:webTests.Login_and_Search@3d34d211]" name="Setup" is-config="true" duration-ms="2536" started-at="2019-11-29T20:39:32Z" finished-at="2019-11-29T20:39:34Z">
          <reporter-output>
          </reporter-output>
        </test-method> <!-- Setup -->
        <test-method status="PASS" signature="loginSearch(java.lang.String, java.lang.String, java.lang.String)[pri:0, instance:webTests.Login_and_Search@3d34d211]" name="loginSearch" duration-ms="9108" started-at="2019-11-29T20:39:34Z" data-provider="getData" finished-at="2019-11-29T20:39:44Z">
          <params>
            <param index="0">
              <value>
                <![CDATA[sqatester2018@gmail.com]]>
              </value>
            </param>
            <param index="1">
              <value>
                <![CDATA[Automation123#]]>
              </value>
            </param>
            <param index="2">
              <value>
                <![CDATA[Irvine, CA]]>
              </value>
            </param>
          </params>
          <reporter-output>
          </reporter-output>
        </test-method> <!-- loginSearch -->
        <test-method status="PASS" signature="OnFailure(org.testng.ITestResult)[pri:0, instance:webTests.Login_and_Search@3d34d211]" name="OnFailure" is-config="true" duration-ms="0" started-at="2019-11-29T20:39:44Z" finished-at="2019-11-29T20:39:44Z">
          <params>
            <param index="0">
              <value>
                <![CDATA[[TestResult name=loginSearch status=SUCCESS method=Login_and_Search.loginSearch(java.lang.String, java.lang.String, java.lang.String)[pri:0, instance:webTests.Login_and_Search@3d34d211] output={null}]]]>
              </value>
            </param>
          </params>
          <reporter-output>
          </reporter-output>
        </test-method> <!-- OnFailure -->
        <test-method status="PASS" signature="tearDown()[pri:0, instance:webTests.Login_and_Search@3d34d211]" name="tearDown" is-config="true" duration-ms="257" started-at="2019-11-29T20:39:44Z" finished-at="2019-11-29T20:39:44Z">
          <reporter-output>
          </reporter-output>
        </test-method> <!-- tearDown -->
      </class> <!-- webTests.Login_and_Search -->
    </test> <!-- WEB-LOGIN-AND-SEARCH -->
  </suite> <!-- WEB TESTS -->
</testng-results>
