<?xml version="1.0" encoding="UTF-8"?>
<testng-results ignored="0" total="2" passed="2" failed="0" skipped="0">
  <reporter-output>
  </reporter-output>
  <suite started-at="2022-07-08T16:08:12 PDT" name="XOME Suite" finished-at="2022-07-08T16:09:45 PDT" duration-ms="93037">
    <groups>
      <group name="regression">
        <method signature="MFilterByBedBath.mFilterBath(java.lang.String, java.lang.String)[pri:0, instance:mobileTests.MFilterByBedBath@5b6813df]" name="mFilterBath" class="mobileTests.MFilterByBedBath"/>
        <method signature="MFilterByBedBath.mFilterBed(java.lang.String, java.lang.String)[pri:0, instance:mobileTests.MFilterByBedBath@5b6813df]" name="mFilterBed" class="mobileTests.MFilterByBedBath"/>
      </group> <!-- regression -->
      <group name="smoke">
        <method signature="MFilterByBedBath.mFilterBath(java.lang.String, java.lang.String)[pri:0, instance:mobileTests.MFilterByBedBath@5b6813df]" name="mFilterBath" class="mobileTests.MFilterByBedBath"/>
        <method signature="MFilterByBedBath.mFilterBed(java.lang.String, java.lang.String)[pri:0, instance:mobileTests.MFilterByBedBath@5b6813df]" name="mFilterBed" class="mobileTests.MFilterByBedBath"/>
      </group> <!-- smoke -->
    </groups>
    <test started-at="2022-07-08T16:08:12 PDT" name="All Tests Run including Smoke and Regression" finished-at="2022-07-08T16:09:45 PDT" duration-ms="93037">
      <class name="mobileTests.MFilterByBedBath">
        <test-method is-config="true" signature="Setup()[pri:0, instance:mobileTests.MFilterByBedBath@5b6813df]" started-at="2022-07-08T16:08:12 PDT" name="Setup" finished-at="2022-07-08T16:08:20 PDT" duration-ms="8440" status="PASS">
          <reporter-output>
          </reporter-output>
        </test-method> <!-- Setup -->
        <test-method signature="mFilterBath(java.lang.String, java.lang.String)[pri:0, instance:mobileTests.MFilterByBedBath@5b6813df]" started-at="2022-07-08T16:08:20 PDT" name="mFilterBath" data-provider="getMobileData" finished-at="2022-07-08T16:08:57 PDT" duration-ms="36564" status="PASS">
          <params>
            <param index="0">
              <value>
                <![CDATA[Irvine, CA]]>
              </value>
            </param>
            <param index="1">
              <value>
                <![CDATA[3]]>
              </value>
            </param>
          </params>
          <reporter-output>
          </reporter-output>
        </test-method> <!-- mFilterBath -->
        <test-method is-config="true" signature="tearDown()[pri:0, instance:mobileTests.MFilterByBedBath@5b6813df]" started-at="2022-07-08T16:08:57 PDT" name="tearDown" finished-at="2022-07-08T16:08:57 PDT" duration-ms="452" status="PASS">
          <reporter-output>
          </reporter-output>
        </test-method> <!-- tearDown -->
        <test-method is-config="true" signature="OnFailure(org.testng.ITestResult)[pri:0, instance:mobileTests.MFilterByBedBath@5b6813df]" started-at="2022-07-08T16:08:57 PDT" name="OnFailure" finished-at="2022-07-08T16:08:57 PDT" duration-ms="0" status="PASS">
          <params>
            <param index="0">
              <value>
                <![CDATA[[TestResult name=mFilterBath status=SUCCESS method=MFilterByBedBath.mFilterBath(java.lang.String, java.lang.String)[pri:0, instance:mobileTests.MFilterByBedBath@5b6813df] output={null}]]]>
              </value>
            </param>
          </params>
          <reporter-output>
          </reporter-output>
        </test-method> <!-- OnFailure -->
        <test-method is-config="true" signature="Setup()[pri:0, instance:mobileTests.MFilterByBedBath@5b6813df]" started-at="2022-07-08T16:08:57 PDT" name="Setup" finished-at="2022-07-08T16:09:07 PDT" duration-ms="9146" status="PASS">
          <reporter-output>
          </reporter-output>
        </test-method> <!-- Setup -->
        <test-method signature="mFilterBed(java.lang.String, java.lang.String)[pri:0, instance:mobileTests.MFilterByBedBath@5b6813df]" started-at="2022-07-08T16:09:07 PDT" name="mFilterBed" data-provider="getMobileData" finished-at="2022-07-08T16:09:44 PDT" duration-ms="37331" status="PASS">
          <params>
            <param index="0">
              <value>
                <![CDATA[Irvine, CA]]>
              </value>
            </param>
            <param index="1">
              <value>
                <![CDATA[3]]>
              </value>
            </param>
          </params>
          <reporter-output>
          </reporter-output>
        </test-method> <!-- mFilterBed -->
        <test-method is-config="true" signature="OnFailure(org.testng.ITestResult)[pri:0, instance:mobileTests.MFilterByBedBath@5b6813df]" started-at="2022-07-08T16:09:44 PDT" name="OnFailure" finished-at="2022-07-08T16:09:44 PDT" duration-ms="1" status="PASS">
          <params>
            <param index="0">
              <value>
                <![CDATA[[TestResult name=mFilterBed status=SUCCESS method=MFilterByBedBath.mFilterBed(java.lang.String, java.lang.String)[pri:0, instance:mobileTests.MFilterByBedBath@5b6813df] output={null}]]]>
              </value>
            </param>
          </params>
          <reporter-output>
          </reporter-output>
        </test-method> <!-- OnFailure -->
        <test-method is-config="true" signature="tearDown()[pri:0, instance:mobileTests.MFilterByBedBath@5b6813df]" started-at="2022-07-08T16:09:44 PDT" name="tearDown" finished-at="2022-07-08T16:09:45 PDT" duration-ms="581" status="PASS">
          <reporter-output>
          </reporter-output>
        </test-method> <!-- tearDown -->
      </class> <!-- mobileTests.MFilterByBedBath -->
    </test> <!-- All Tests Run including Smoke and Regression -->
  </suite> <!-- XOME Suite -->
</testng-results>
