<?xml version="1.0" encoding="UTF-8"?>
<!-- Generated by org.testng.reporters.JUnitReportReporter -->
<testsuite skipped="0" hostname="macbookpros-MacBook-Pro.local" name="mobileTests.MFilterByPendingSoldForSaleStatus" tests="3" failures="0" timestamp="21 Nov 2019 22:47:29 GMT" time="142.988" errors="0">
  <testcase name="mFilterForSale" time="46.865" classname="mobileTests.MFilterByPendingSoldForSaleStatus"/>
  <testcase name="mFilterPending" time="47.177" classname="mobileTests.MFilterByPendingSoldForSaleStatus"/>
  <testcase name="mFilterSold" time="48.946" classname="mobileTests.MFilterByPendingSoldForSaleStatus"/>
</testsuite> <!-- mobileTests.MFilterByPendingSoldForSaleStatus -->
