<?xml version="1.0" encoding="UTF-8"?>
<!-- Generated by org.testng.reporters.JUnitReportReporter -->
<testsuite skipped="0" hostname="macbookpros-MacBook-Pro.local" name="webTests.SortResultsByPriceBedBath" tests="4" failures="0" timestamp="04 Nov 2019 00:42:25 GMT" time="97.805" errors="0">
  <testcase name="sortResultsByBaths" time="24.521" classname="webTests.SortResultsByPriceBedBath"/>
  <testcase name="sortResultsByBeds" time="26.409" classname="webTests.SortResultsByPriceBedBath"/>
  <testcase name="sortResultsByPrice" time="21.988" classname="webTests.SortResultsByPriceBedBath"/>
  <testcase name="sortResultsByMostRecent" time="24.887" classname="webTests.SortResultsByPriceBedBath"/>
</testsuite> <!-- webTests.SortResultsByPriceBedBath -->
