<?xml version="1.0" encoding="UTF-8"?>
<!-- Generated by org.testng.reporters.JUnitReportReporter -->
<testsuite skipped="0" hostname="macbookpros-MacBook-Pro.local" name="webTests.FilterResultsByPriceBedBath" tests="3" failures="0" timestamp="04 Nov 2019 00:42:20 GMT" time="57.255" errors="0">
  <testcase name="filterResultsByPrice" time="28.991" classname="webTests.FilterResultsByPriceBedBath"/>
  <testcase name="filterResultsBybaths" time="14.176" classname="webTests.FilterResultsByPriceBedBath"/>
  <testcase name="filterResultsByBeds" time="14.088" classname="webTests.FilterResultsByPriceBedBath"/>
</testsuite> <!-- webTests.FilterResultsByPriceBedBath -->
