<?xml version="1.0" encoding="UTF-8"?>
<!-- Generated by org.testng.reporters.JUnitReportReporter -->
<testsuite skipped="0" hostname="macbookpros-MacBook-Pro.local" name="mobileTests.MFilterByPropertyType" tests="3" failures="0" timestamp="21 Nov 2019 22:47:24 GMT" time="197.035" errors="0">
  <testcase name="mFilterCondo" time="67.249" classname="mobileTests.MFilterByPropertyType"/>
  <testcase name="mFilterTownHome" time="64.651" classname="mobileTests.MFilterByPropertyType"/>
  <testcase name="mFilterSingleFamily" time="65.135" classname="mobileTests.MFilterByPropertyType"/>
</testsuite> <!-- mobileTests.MFilterByPropertyType -->
