<?xml version="1.0" encoding="UTF-8"?>
<!-- Generated by org.testng.reporters.JUnitReportReporter -->
<testsuite skipped="0" hostname="macbookpros-MacBook-Pro.local" name="mobileTests.MSortResultsByBedBathPriceSqFtMostRecent" tests="6" failures="0" timestamp="21 Nov 2019 22:35:03 GMT" time="435.561" errors="0">
  <testcase name="mSortByBed" time="79.566" classname="mobileTests.MSortResultsByBedBathPriceSqFtMostRecent"/>
  <testcase name="mSortByBath" time="77.944" classname="mobileTests.MSortResultsByBedBathPriceSqFtMostRecent"/>
  <testcase name="mSortByLowtoHighPrice" time="64.865" classname="mobileTests.MSortResultsByBedBathPriceSqFtMostRecent"/>
  <testcase name="mSortByHightoLowPrice" time="65.037" classname="mobileTests.MSortResultsByBedBathPriceSqFtMostRecent"/>
  <testcase name="mSortBySqFt" time="64.171" classname="mobileTests.MSortResultsByBedBathPriceSqFtMostRecent"/>
  <testcase name="mSortByMostRecent" time="83.978" classname="mobileTests.MSortResultsByBedBathPriceSqFtMostRecent"/>
</testsuite> <!-- mobileTests.MSortResultsByBedBathPriceSqFtMostRecent -->
