<?xml version="1.0" encoding="UTF-8"?>
<!-- Generated by org.testng.reporters.JUnitReportReporter -->
<testsuite skipped="0" hostname="macbookpros-MacBook-Pro.local" name="mobileTests.MFilterByBedBath" tests="2" failures="0" timestamp="21 Nov 2019 22:47:14 GMT" time="87.634" errors="0">
  <testcase name="mFilterBath" time="42.656" classname="mobileTests.MFilterByBedBath"/>
  <testcase name="mFilterBed" time="44.978" classname="mobileTests.MFilterByBedBath"/>
</testsuite> <!-- mobileTests.MFilterByBedBath -->
