<?xml version="1.0" encoding="UTF-8"?>
<!-- Generated by org.testng.reporters.JUnitReportReporter -->
<testsuite skipped="0" hostname="macbookpros-MacBook-Pro.local" name="webTests.SortResultsByPriceBedBath" tests="4" failures="0" timestamp="29 Nov 2019 19:20:24 GMT" time="91.024" errors="0">
  <testcase name="sortResultsByMostRecent" time="23.714" classname="webTests.SortResultsByPriceBedBath"/>
  <testcase name="sortResultsByBeds" time="23.320" classname="webTests.SortResultsByPriceBedBath"/>
  <testcase name="sortResultsByPrice" time="21.609" classname="webTests.SortResultsByPriceBedBath"/>
  <testcase name="sortResultsByBaths" time="22.381" classname="webTests.SortResultsByPriceBedBath"/>
</testsuite> <!-- webTests.SortResultsByPriceBedBath -->
