<?xml version="1.0" encoding="UTF-8"?>
<!-- Generated by org.testng.reporters.JUnitReportReporter -->
<testsuite hostname="geekys-MacBook-Pro.local" failures="0" tests="6" name="mobileTests.MSortResultsByBedBathPriceSqFtMostRecent" time="440.123" errors="0" timestamp="2021-02-07T15:16:02 PST" skipped="0">
  <testcase classname="mobileTests.MSortResultsByBedBathPriceSqFtMostRecent" name="mSortByBed" time="80.363"/>
  <system-out/>
  <testcase classname="mobileTests.MSortResultsByBedBathPriceSqFtMostRecent" name="mSortByBath" time="79.332"/>
  <system-out/>
  <testcase classname="mobileTests.MSortResultsByBedBathPriceSqFtMostRecent" name="mSortByLowtoHighPrice" time="65.713"/>
  <system-out/>
  <testcase classname="mobileTests.MSortResultsByBedBathPriceSqFtMostRecent" name="mSortByHightoLowPrice" time="65.889"/>
  <system-out/>
  <testcase classname="mobileTests.MSortResultsByBedBathPriceSqFtMostRecent" name="mSortBySqFt" time="67.514"/>
  <system-out/>
  <testcase classname="mobileTests.MSortResultsByBedBathPriceSqFtMostRecent" name="mSortByMostRecent" time="81.312"/>
  <system-out/>
</testsuite> <!-- mobileTests.MSortResultsByBedBathPriceSqFtMostRecent -->
