<?xml version="1.0" encoding="UTF-8"?>
<!-- Generated by org.testng.reporters.JUnitReportReporter -->
<testsuite skipped="0" hostname="macbookpros-MacBook-Pro.local" name="webTests.FilterResultsByPriceBedBath" tests="3" failures="0" timestamp="29 Nov 2019 19:20:03 GMT" time="55.766" errors="0">
  <testcase name="filterResultsByPrice" time="27.530" classname="webTests.FilterResultsByPriceBedBath"/>
  <testcase name="filterResultsByBeds" time="14.823" classname="webTests.FilterResultsByPriceBedBath"/>
  <testcase name="filterResultsBybaths" time="13.413" classname="webTests.FilterResultsByPriceBedBath"/>
</testsuite> <!-- webTests.FilterResultsByPriceBedBath -->
