<?xml version="1.0" encoding="UTF-8"?>
<!-- Generated by org.testng.reporters.JUnitReportReporter -->
<testsuite skipped="0" hostname="macbookpros-MacBook-Pro.local" name="webTests.FilterMoreResultsByStatus" tests="3" failures="0" timestamp="29 Nov 2019 19:20:29 GMT" time="66.543" errors="0">
  <testcase name="filterResultsByPendingStatus" time="21.380" classname="webTests.FilterMoreResultsByStatus"/>
  <testcase name="filterResultsBySoldStatus" time="24.426" classname="webTests.FilterMoreResultsByStatus"/>
  <testcase name="filterResultsByForSaleStatus" time="20.737" classname="webTests.FilterMoreResultsByStatus"/>
</testsuite> <!-- webTests.FilterMoreResultsByStatus -->
