<?xml version="1.0" encoding="UTF-8"?>
<!-- Generated by org.testng.reporters.JUnitReportReporter -->
<testsuite hostname="geekys-MacBook-Pro.local" failures="0" tests="3" name="mobileTests.MFilterByPendingSoldForSaleStatus" time="153.825" errors="0" timestamp="2021-02-07T15:16:02 PST" skipped="0">
  <testcase classname="mobileTests.MFilterByPendingSoldForSaleStatus" name="mFilterPending" time="49.438"/>
  <system-out/>
  <testcase classname="mobileTests.MFilterByPendingSoldForSaleStatus" name="mFilterForSale" time="50.076"/>
  <system-out/>
  <testcase classname="mobileTests.MFilterByPendingSoldForSaleStatus" name="mFilterSold" time="54.311"/>
  <system-out/>
</testsuite> <!-- mobileTests.MFilterByPendingSoldForSaleStatus -->
